{"total": {"lines":{"total":223,"covered":186,"skipped":0,"pct":83.4},"statements":{"total":225,"covered":186,"skipped":0,"pct":82.66},"functions":{"total":69,"covered":51,"skipped":0,"pct":73.91},"branches":{"total":64,"covered":39,"skipped":0,"pct":60.93},"branchesTrue":{"total":0,"covered":0,"skipped":0,"pct":100}}
,"/home/runner/work/spectra.js/spectra.js/src/index.ts": {"lines":{"total":6,"covered":6,"skipped":0,"pct":100},"functions":{"total":0,"covered":0,"skipped":0,"pct":100},"statements":{"total":6,"covered":6,"skipped":0,"pct":100},"branches":{"total":0,"covered":0,"skipped":0,"pct":100}}
,"/home/runner/work/spectra.js/spectra.js/src/spectra.ts": {"lines":{"total":11,"covered":11,"skipped":0,"pct":100},"functions":{"total":4,"covered":4,"skipped":0,"pct":100},"statements":{"total":11,"covered":11,"skipped":0,"pct":100},"branches":{"total":1,"covered":1,"skipped":0,"pct":100}}
,"/home/runner/work/spectra.js/spectra.js/src/apply-evaluator/apply-evaluator.ts": {"lines":{"total":2,"covered":2,"skipped":0,"pct":100},"functions":{"total":1,"covered":1,"skipped":0,"pct":100},"statements":{"total":2,"covered":2,"skipped":0,"pct":100},"branches":{"total":0,"covered":0,"skipped":0,"pct":100}}
,"/home/runner/work/spectra.js/spectra.js/src/apply-evaluator/index.ts": {"lines":{"total":1,"covered":1,"skipped":0,"pct":100},"functions":{"total":0,"covered":0,"skipped":0,"pct":100},"statements":{"total":1,"covered":1,"skipped":0,"pct":100},"branches":{"total":0,"covered":0,"skipped":0,"pct":100}}
,"/home/runner/work/spectra.js/spectra.js/src/expressions/and.ts": {"lines":{"total":10,"covered":8,"skipped":0,"pct":80},"functions":{"total":9,"covered":6,"skipped":0,"pct":66.66},"statements":{"total":11,"covered":8,"skipped":0,"pct":72.72},"branches":{"total":0,"covered":0,"skipped":0,"pct":100}}
,"/home/runner/work/spectra.js/spectra.js/src/expressions/binary.ts": {"lines":{"total":18,"covered":17,"skipped":0,"pct":94.44},"functions":{"total":6,"covered":5,"skipped":0,"pct":83.33},"statements":{"total":18,"covered":17,"skipped":0,"pct":94.44},"branches":{"total":1,"covered":1,"skipped":0,"pct":100}}
,"/home/runner/work/spectra.js/spectra.js/src/expressions/factory.ts": {"lines":{"total":31,"covered":28,"skipped":0,"pct":90.32},"functions":{"total":12,"covered":10,"skipped":0,"pct":83.33},"statements":{"total":31,"covered":28,"skipped":0,"pct":90.32},"branches":{"total":0,"covered":0,"skipped":0,"pct":100}}
,"/home/runner/work/spectra.js/spectra.js/src/expressions/index.ts": {"lines":{"total":5,"covered":5,"skipped":0,"pct":100},"functions":{"total":0,"covered":0,"skipped":0,"pct":100},"statements":{"total":5,"covered":5,"skipped":0,"pct":100},"branches":{"total":0,"covered":0,"skipped":0,"pct":100}}
,"/home/runner/work/spectra.js/spectra.js/src/expressions/not.ts": {"lines":{"total":8,"covered":6,"skipped":0,"pct":75},"functions":{"total":6,"covered":4,"skipped":0,"pct":66.66},"statements":{"total":8,"covered":6,"skipped":0,"pct":75},"branches":{"total":0,"covered":0,"skipped":0,"pct":100}}
,"/home/runner/work/spectra.js/spectra.js/src/expressions/or.ts": {"lines":{"total":10,"covered":6,"skipped":0,"pct":60},"functions":{"total":9,"covered":4,"skipped":0,"pct":44.44},"statements":{"total":11,"covered":6,"skipped":0,"pct":54.54},"branches":{"total":0,"covered":0,"skipped":0,"pct":100}}
,"/home/runner/work/spectra.js/spectra.js/src/policy/index.ts": {"lines":{"total":1,"covered":1,"skipped":0,"pct":100},"functions":{"total":0,"covered":0,"skipped":0,"pct":100},"statements":{"total":1,"covered":1,"skipped":0,"pct":100},"branches":{"total":0,"covered":0,"skipped":0,"pct":100}}
,"/home/runner/work/spectra.js/spectra.js/src/policy/policy.ts": {"lines":{"total":14,"covered":11,"skipped":0,"pct":78.57},"functions":{"total":6,"covered":3,"skipped":0,"pct":50},"statements":{"total":14,"covered":11,"skipped":0,"pct":78.57},"branches":{"total":1,"covered":1,"skipped":0,"pct":100}}
,"/home/runner/work/spectra.js/spectra.js/src/types/index.ts": {"lines":{"total":5,"covered":5,"skipped":0,"pct":100},"functions":{"total":0,"covered":0,"skipped":0,"pct":100},"statements":{"total":5,"covered":5,"skipped":0,"pct":100},"branches":{"total":0,"covered":0,"skipped":0,"pct":100}}
,"/home/runner/work/spectra.js/spectra.js/src/types/operation.ts": {"lines":{"total":11,"covered":11,"skipped":0,"pct":100},"functions":{"total":1,"covered":1,"skipped":0,"pct":100},"statements":{"total":11,"covered":11,"skipped":0,"pct":100},"branches":{"total":2,"covered":2,"skipped":0,"pct":100}}
,"/home/runner/work/spectra.js/spectra.js/src/utils/compare.ts": {"lines":{"total":16,"covered":5,"skipped":0,"pct":31.25},"functions":{"total":2,"covered":1,"skipped":0,"pct":50},"statements":{"total":16,"covered":5,"skipped":0,"pct":31.25},"branches":{"total":16,"covered":2,"skipped":0,"pct":12.5}}
,"/home/runner/work/spectra.js/spectra.js/src/utils/expression.ts": {"lines":{"total":46,"covered":36,"skipped":0,"pct":78.26},"functions":{"total":7,"covered":6,"skipped":0,"pct":85.71},"statements":{"total":46,"covered":36,"skipped":0,"pct":78.26},"branches":{"total":33,"covered":23,"skipped":0,"pct":69.69}}
,"/home/runner/work/spectra.js/spectra.js/src/utils/index.ts": {"lines":{"total":3,"covered":3,"skipped":0,"pct":100},"functions":{"total":0,"covered":0,"skipped":0,"pct":100},"statements":{"total":3,"covered":3,"skipped":0,"pct":100},"branches":{"total":0,"covered":0,"skipped":0,"pct":100}}
,"/home/runner/work/spectra.js/spectra.js/src/utils/policy.ts": {"lines":{"total":25,"covered":24,"skipped":0,"pct":96},"functions":{"total":6,"covered":6,"skipped":0,"pct":100},"statements":{"total":25,"covered":24,"skipped":0,"pct":96},"branches":{"total":10,"covered":9,"skipped":0,"pct":90}}
}
