{"/home/runner/work/spectra-js/spectra-js/src/index.ts": {"path":"/home/runner/work/spectra-js/spectra-js/src/index.ts","statementMap":{"0":{"start":{"line":1,"column":0},"end":{"line":1,"column":26}},"1":{"start":{"line":2,"column":0},"end":{"line":2,"column":28}},"2":{"start":{"line":3,"column":0},"end":{"line":3,"column":30}},"3":{"start":{"line":4,"column":0},"end":{"line":4,"column":25}},"4":{"start":{"line":5,"column":0},"end":{"line":5,"column":24}},"5":{"start":{"line":6,"column":0},"end":{"line":6,"column":24}}},"fnMap":{},"branchMap":{},"s":{"0":10,"1":10,"2":10,"3":10,"4":10,"5":10},"f":{},"b":{}}
,"/home/runner/work/spectra-js/spectra-js/src/spectra.ts": {"path":"/home/runner/work/spectra-js/spectra-js/src/spectra.ts","statementMap":{"0":{"start":{"line":2,"column":0},"end":{"line":2,"column":40}},"1":{"start":{"line":3,"column":0},"end":{"line":3,"column":38}},"2":{"start":{"line":5,"column":0},"end":{"line":5,"column":79}},"3":{"start":{"line":20,"column":28},"end":{"line":22,"column":6}},"4":{"start":{"line":21,"column":6},"end":{"line":21,"column":57}},"5":{"start":{"line":24,"column":24},"end":{"line":24,"column":73}},"6":{"start":{"line":26,"column":42},"end":{"line":28,"column":null}},"7":{"start":{"line":28,"column":13},"end":{"line":28,"column":37}},"8":{"start":{"line":31,"column":23},"end":{"line":33,"column":6}},"9":{"start":{"line":32,"column":6},"end":{"line":32,"column":60}},"10":{"start":{"line":35,"column":4},"end":{"line":37,"column":5}},"11":{"start":{"line":36,"column":6},"end":{"line":36,"column":19}},"12":{"start":{"line":39,"column":4},"end":{"line":41,"column":7}},"13":{"start":{"line":40,"column":6},"end":{"line":40,"column":60}},"14":{"start":{"line":49,"column":28},"end":{"line":51,"column":6}},"15":{"start":{"line":50,"column":6},"end":{"line":50,"column":57}},"16":{"start":{"line":53,"column":24},"end":{"line":53,"column":73}},"17":{"start":{"line":55,"column":26},"end":{"line":58,"column":42}},"18":{"start":{"line":56,"column":6},"end":{"line":56,"column":45}},"19":{"start":{"line":57,"column":6},"end":{"line":57,"column":18}},"20":{"start":{"line":60,"column":27},"end":{"line":84,"column":6}},"21":{"start":{"line":61,"column":22},"end":{"line":61,"column":65}},"22":{"start":{"line":63,"column":44},"end":{"line":65,"column":null}},"23":{"start":{"line":65,"column":15},"end":{"line":65,"column":39}},"24":{"start":{"line":68,"column":25},"end":{"line":70,"column":8}},"25":{"start":{"line":69,"column":8},"end":{"line":69,"column":62}},"26":{"start":{"line":72,"column":22},"end":{"line":76,"column":12}},"27":{"start":{"line":75,"column":12},"end":{"line":75,"column":66}},"28":{"start":{"line":78,"column":6},"end":{"line":83,"column":29}},"29":{"start":{"line":86,"column":4},"end":{"line":90,"column":6}},"30":{"start":{"line":101,"column":4},"end":{"line":107,"column":5}},"31":{"start":{"line":102,"column":6},"end":{"line":102,"column":28}},"32":{"start":{"line":103,"column":11},"end":{"line":107,"column":5}},"33":{"start":{"line":104,"column":6},"end":{"line":104,"column":33}},"34":{"start":{"line":106,"column":6},"end":{"line":106,"column":56}},"35":{"start":{"line":109,"column":28},"end":{"line":112,"column":30}},"36":{"start":{"line":110,"column":6},"end":{"line":110,"column":45}},"37":{"start":{"line":111,"column":6},"end":{"line":111,"column":18}},"38":{"start":{"line":114,"column":4},"end":{"line":114,"column":41}},"39":{"start":{"line":14,"column":0},"end":{"line":14,"column":13}}},"fnMap":{"0":{"name":"(anonymous_0)","decl":{"start":{"line":15,"column":9},"end":{"line":15,"column":15}},"loc":{"start":{"line":18,"column":26},"end":{"line":42,"column":3}}},"1":{"name":"(anonymous_1)","decl":{"start":{"line":20,"column":44},"end":{"line":20,"column":45}},"loc":{"start":{"line":20,"column":50},"end":{"line":22,"column":5}}},"2":{"name":"(anonymous_2)","decl":{"start":{"line":28,"column":6},"end":{"line":28,"column":7}},"loc":{"start":{"line":28,"column":13},"end":{"line":28,"column":37}}},"3":{"name":"(anonymous_3)","decl":{"start":{"line":31,"column":41},"end":{"line":31,"column":42}},"loc":{"start":{"line":31,"column":47},"end":{"line":33,"column":5}}},"4":{"name":"(anonymous_4)","decl":{"start":{"line":39,"column":30},"end":{"line":39,"column":31}},"loc":{"start":{"line":39,"column":36},"end":{"line":41,"column":5}}},"5":{"name":"(anonymous_5)","decl":{"start":{"line":44,"column":9},"end":{"line":44,"column":15}},"loc":{"start":{"line":47,"column":26},"end":{"line":91,"column":3}}},"6":{"name":"(anonymous_6)","decl":{"start":{"line":49,"column":44},"end":{"line":49,"column":45}},"loc":{"start":{"line":49,"column":50},"end":{"line":51,"column":5}}},"7":{"name":"(anonymous_7)","decl":{"start":{"line":55,"column":49},"end":{"line":55,"column":50}},"loc":{"start":{"line":55,"column":61},"end":{"line":58,"column":5}}},"8":{"name":"(anonymous_8)","decl":{"start":{"line":60,"column":40},"end":{"line":60,"column":41}},"loc":{"start":{"line":60,"column":46},"end":{"line":84,"column":5}}},"9":{"name":"(anonymous_9)","decl":{"start":{"line":65,"column":8},"end":{"line":65,"column":9}},"loc":{"start":{"line":65,"column":15},"end":{"line":65,"column":39}}},"10":{"name":"(anonymous_10)","decl":{"start":{"line":68,"column":43},"end":{"line":68,"column":44}},"loc":{"start":{"line":68,"column":49},"end":{"line":70,"column":7}}},"11":{"name":"(anonymous_11)","decl":{"start":{"line":74,"column":29},"end":{"line":74,"column":30}},"loc":{"start":{"line":74,"column":35},"end":{"line":76,"column":11}}},"12":{"name":"(anonymous_12)","decl":{"start":{"line":95,"column":10},"end":{"line":95,"column":16}},"loc":{"start":{"line":97,"column":27},"end":{"line":115,"column":3}}},"13":{"name":"(anonymous_13)","decl":{"start":{"line":109,"column":44},"end":{"line":109,"column":45}},"loc":{"start":{"line":109,"column":56},"end":{"line":112,"column":5}}}},"branchMap":{"0":{"loc":{"start":{"line":35,"column":4},"end":{"line":37,"column":5}},"type":"if","locations":[{"start":{"line":35,"column":4},"end":{"line":37,"column":5}}]},"1":{"loc":{"start":{"line":72,"column":22},"end":{"line":76,"column":12}},"type":"cond-expr","locations":[{"start":{"line":73,"column":10},"end":{"line":73,"column":15}},{"start":{"line":74,"column":10},"end":{"line":76,"column":12}}]},"2":{"loc":{"start":{"line":101,"column":4},"end":{"line":107,"column":5}},"type":"if","locations":[{"start":{"line":101,"column":4},"end":{"line":107,"column":5}},{"start":{"line":103,"column":11},"end":{"line":107,"column":5}}]},"3":{"loc":{"start":{"line":103,"column":11},"end":{"line":107,"column":5}},"type":"if","locations":[{"start":{"line":103,"column":11},"end":{"line":107,"column":5}},{"start":{"line":105,"column":11},"end":{"line":107,"column":5}}]}},"s":{"0":10,"1":10,"2":10,"3":2,"4":4,"5":2,"6":2,"7":4,"8":2,"9":2,"10":2,"11":1,"12":1,"13":1,"14":1,"15":2,"16":1,"17":1,"18":2,"19":2,"20":1,"21":2,"22":2,"23":4,"24":2,"25":2,"26":2,"27":2,"28":2,"29":1,"30":3,"31":3,"32":0,"33":0,"34":0,"35":3,"36":6,"37":6,"38":3,"39":10},"f":{"0":2,"1":4,"2":4,"3":2,"4":1,"5":1,"6":2,"7":2,"8":2,"9":4,"10":2,"11":2,"12":3,"13":6},"b":{"0":[1],"1":[0,2],"2":[3,0],"3":[0,0]}}
,"/home/runner/work/spectra-js/spectra-js/src/debugger/debugger.ts": {"path":"/home/runner/work/spectra-js/spectra-js/src/debugger/debugger.ts","statementMap":{"0":{"start":{"line":14,"column":4},"end":{"line":14,"column":43}},"1":{"start":{"line":8,"column":0},"end":{"line":8,"column":13}}},"fnMap":{"0":{"name":"(anonymous_0)","decl":{"start":{"line":9,"column":9},"end":{"line":9,"column":15}},"loc":{"start":{"line":12,"column":28},"end":{"line":15,"column":3}}}},"branchMap":{},"s":{"0":2,"1":10},"f":{"0":2},"b":{}}
,"/home/runner/work/spectra-js/spectra-js/src/debugger/index.ts": {"path":"/home/runner/work/spectra-js/spectra-js/src/debugger/index.ts","statementMap":{"0":{"start":{"line":1,"column":0},"end":{"line":1,"column":27}}},"fnMap":{},"branchMap":{},"s":{"0":10},"f":{},"b":{}}
,"/home/runner/work/spectra-js/spectra-js/src/evaluator/evaluator.ts": {"path":"/home/runner/work/spectra-js/spectra-js/src/evaluator/evaluator.ts","statementMap":{"0":{"start":{"line":5,"column":4},"end":{"line":5,"column":33}},"1":{"start":{"line":3,"column":0},"end":{"line":3,"column":13}}},"fnMap":{"0":{"name":"(anonymous_0)","decl":{"start":{"line":4,"column":9},"end":{"line":4,"column":15}},"loc":{"start":{"line":4,"column":68},"end":{"line":6,"column":3}}}},"branchMap":{},"s":{"0":9,"1":10},"f":{"0":9},"b":{}}
,"/home/runner/work/spectra-js/spectra-js/src/evaluator/index.ts": {"path":"/home/runner/work/spectra-js/spectra-js/src/evaluator/index.ts","statementMap":{"0":{"start":{"line":1,"column":0},"end":{"line":1,"column":28}}},"fnMap":{},"branchMap":{},"s":{"0":10},"f":{},"b":{}}
,"/home/runner/work/spectra-js/spectra-js/src/expressions/and.ts": {"path":"/home/runner/work/spectra-js/spectra-js/src/expressions/and.ts","statementMap":{"0":{"start":{"line":2,"column":0},"end":{"line":2,"column":null}},"1":{"start":{"line":11,"column":10},"end":{"line":11,"column":null}},"2":{"start":{"line":14,"column":4},"end":{"line":14,"column":35}},"3":{"start":{"line":18,"column":4},"end":{"line":18,"column":34}},"4":{"start":{"line":22,"column":4},"end":{"line":24,"column":31}},"5":{"start":{"line":23,"column":6},"end":{"line":23,"column":51}},"6":{"start":{"line":28,"column":4},"end":{"line":30,"column":6}},"7":{"start":{"line":29,"column":48},"end":{"line":29,"column":74}},"8":{"start":{"line":34,"column":4},"end":{"line":34,"column":48}},"9":{"start":{"line":38,"column":4},"end":{"line":38,"column":77}},"10":{"start":{"line":38,"column":50},"end":{"line":38,"column":75}},"11":{"start":{"line":42,"column":4},"end":{"line":46,"column":6}},"12":{"start":{"line":45,"column":56},"end":{"line":45,"column":87}},"13":{"start":{"line":10,"column":0},"end":{"line":10,"column":13}}},"fnMap":{"0":{"name":"(anonymous_0)","decl":{"start":{"line":13,"column":2},"end":{"line":13,"column":14}},"loc":{"start":{"line":13,"column":53},"end":{"line":15,"column":3}}},"1":{"name":"(anonymous_1)","decl":{"start":{"line":17,"column":9},"end":{"line":17,"column":16}},"loc":{"start":{"line":17,"column":16},"end":{"line":19,"column":3}}},"2":{"name":"(anonymous_2)","decl":{"start":{"line":21,"column":9},"end":{"line":21,"column":18}},"loc":{"start":{"line":21,"column":18},"end":{"line":25,"column":3}}},"3":{"name":"(anonymous_3)","decl":{"start":{"line":22,"column":35},"end":{"line":22,"column":36}},"loc":{"start":{"line":22,"column":58},"end":{"line":24,"column":5}}},"4":{"name":"(anonymous_4)","decl":{"start":{"line":27,"column":9},"end":{"line":27,"column":22}},"loc":{"start":{"line":27,"column":22},"end":{"line":31,"column":3}}},"5":{"name":"(anonymous_5)","decl":{"start":{"line":29,"column":32},"end":{"line":29,"column":33}},"loc":{"start":{"line":29,"column":48},"end":{"line":29,"column":74}}},"6":{"name":"(anonymous_6)","decl":{"start":{"line":33,"column":9},"end":{"line":33,"column":22}},"loc":{"start":{"line":33,"column":22},"end":{"line":35,"column":3}}},"7":{"name":"(anonymous_7)","decl":{"start":{"line":37,"column":9},"end":{"line":37,"column":17}},"loc":{"start":{"line":37,"column":32},"end":{"line":39,"column":3}}},"8":{"name":"(anonymous_8)","decl":{"start":{"line":38,"column":34},"end":{"line":38,"column":35}},"loc":{"start":{"line":38,"column":50},"end":{"line":38,"column":75}}},"9":{"name":"(anonymous_9)","decl":{"start":{"line":41,"column":9},"end":{"line":41,"column":14}},"loc":{"start":{"line":41,"column":55},"end":{"line":47,"column":3}}},"10":{"name":"(anonymous_10)","decl":{"start":{"line":45,"column":40},"end":{"line":45,"column":41}},"loc":{"start":{"line":45,"column":56},"end":{"line":45,"column":87}}}},"branchMap":{},"s":{"0":10,"1":9,"2":9,"3":3,"4":9,"5":21,"6":3,"7":8,"8":2,"9":8,"10":12,"11":3,"12":7,"13":10},"f":{"0":9,"1":3,"2":9,"3":21,"4":3,"5":8,"6":2,"7":8,"8":12,"9":3,"10":7},"b":{}}
,"/home/runner/work/spectra-js/spectra-js/src/expressions/binary.ts": {"path":"/home/runner/work/spectra-js/spectra-js/src/expressions/binary.ts","statementMap":{"0":{"start":{"line":7,"column":0},"end":{"line":7,"column":null}},"1":{"start":{"line":14,"column":0},"end":{"line":14,"column":68}},"2":{"start":{"line":17,"column":10},"end":{"line":17,"column":null}},"3":{"start":{"line":18,"column":10},"end":{"line":18,"column":null}},"4":{"start":{"line":19,"column":10},"end":{"line":19,"column":null}},"5":{"start":{"line":22,"column":4},"end":{"line":22,"column":21}},"6":{"start":{"line":23,"column":4},"end":{"line":23,"column":23}},"7":{"start":{"line":24,"column":4},"end":{"line":24,"column":31}},"8":{"start":{"line":28,"column":4},"end":{"line":28,"column":41}},"9":{"start":{"line":32,"column":19},"end":{"line":32,"column":30}},"10":{"start":{"line":34,"column":4},"end":{"line":36,"column":5}},"11":{"start":{"line":35,"column":6},"end":{"line":35,"column":34}},"12":{"start":{"line":38,"column":4},"end":{"line":38,"column":18}},"13":{"start":{"line":42,"column":4},"end":{"line":42,"column":51}},"14":{"start":{"line":46,"column":4},"end":{"line":46,"column":48}},"15":{"start":{"line":50,"column":4},"end":{"line":64,"column":6}},"16":{"start":{"line":68,"column":28},"end":{"line":68,"column":47}},"17":{"start":{"line":69,"column":4},"end":{"line":69,"column":65}},"18":{"start":{"line":73,"column":28},"end":{"line":73,"column":47}},"19":{"start":{"line":76,"column":4},"end":{"line":88,"column":5}},"20":{"start":{"line":82,"column":6},"end":{"line":82,"column":20}},"21":{"start":{"line":83,"column":6},"end":{"line":85,"column":8}},"22":{"start":{"line":87,"column":6},"end":{"line":87,"column":68}},"23":{"start":{"line":90,"column":4},"end":{"line":96,"column":6}},"24":{"start":{"line":16,"column":0},"end":{"line":16,"column":13}}},"fnMap":{"0":{"name":"(anonymous_0)","decl":{"start":{"line":21,"column":2},"end":{"line":21,"column":14}},"loc":{"start":{"line":21,"column":70},"end":{"line":25,"column":3}}},"1":{"name":"(anonymous_1)","decl":{"start":{"line":27,"column":9},"end":{"line":27,"column":16}},"loc":{"start":{"line":27,"column":16},"end":{"line":29,"column":3}}},"2":{"name":"(anonymous_2)","decl":{"start":{"line":31,"column":9},"end":{"line":31,"column":18}},"loc":{"start":{"line":31,"column":18},"end":{"line":39,"column":3}}},"3":{"name":"(anonymous_3)","decl":{"start":{"line":41,"column":9},"end":{"line":41,"column":22}},"loc":{"start":{"line":41,"column":22},"end":{"line":43,"column":3}}},"4":{"name":"(anonymous_4)","decl":{"start":{"line":45,"column":9},"end":{"line":45,"column":22}},"loc":{"start":{"line":45,"column":22},"end":{"line":47,"column":3}}},"5":{"name":"(anonymous_5)","decl":{"start":{"line":49,"column":9},"end":{"line":49,"column":17}},"loc":{"start":{"line":49,"column":32},"end":{"line":65,"column":3}}},"6":{"name":"(anonymous_6)","decl":{"start":{"line":67,"column":9},"end":{"line":67,"column":17}},"loc":{"start":{"line":67,"column":32},"end":{"line":70,"column":3}}},"7":{"name":"(anonymous_7)","decl":{"start":{"line":72,"column":9},"end":{"line":72,"column":14}},"loc":{"start":{"line":72,"column":55},"end":{"line":97,"column":3}}}},"branchMap":{"0":{"loc":{"start":{"line":34,"column":4},"end":{"line":36,"column":5}},"type":"if","locations":[{"start":{"line":34,"column":4},"end":{"line":36,"column":5}}]},"1":{"loc":{"start":{"line":55,"column":13},"end":{"line":63,"column":null}},"type":"cond-expr","locations":[{"start":{"line":56,"column":10},"end":{"line":59,"column":null}},{"start":{"line":60,"column":10},"end":{"line":63,"column":null}}]},"2":{"loc":{"start":{"line":76,"column":4},"end":{"line":88,"column":5}},"type":"if","locations":[{"start":{"line":76,"column":4},"end":{"line":88,"column":5}},{"start":{"line":86,"column":11},"end":{"line":88,"column":5}}]},"3":{"loc":{"start":{"line":77,"column":6},"end":{"line":80,"column":26}},"type":"binary-expr","locations":[{"start":{"line":77,"column":6},"end":{"line":77,"column":20}},{"start":{"line":78,"column":6},"end":{"line":78,"column":28}},{"start":{"line":79,"column":6},"end":{"line":79,"column":25}},{"start":{"line":80,"column":6},"end":{"line":80,"column":26}}]}},"s":{"0":10,"1":10,"2":43,"3":43,"4":43,"5":43,"6":43,"7":43,"8":7,"9":26,"10":26,"11":0,"12":26,"13":20,"14":9,"15":25,"16":18,"17":18,"18":7,"19":7,"20":0,"21":0,"22":7,"23":7,"24":10},"f":{"0":43,"1":7,"2":26,"3":20,"4":9,"5":25,"6":18,"7":7},"b":{"0":[0],"1":[0,25],"2":[0,7],"3":[7,0,0,0]}}
,"/home/runner/work/spectra-js/spectra-js/src/expressions/factory.ts": {"path":"/home/runner/work/spectra-js/spectra-js/src/expressions/factory.ts","statementMap":{"0":{"start":{"line":2,"column":0},"end":{"line":2,"column":61}},"1":{"start":{"line":3,"column":0},"end":{"line":3,"column":46}},"2":{"start":{"line":4,"column":0},"end":{"line":4,"column":44}},"3":{"start":{"line":5,"column":0},"end":{"line":5,"column":38}},"4":{"start":{"line":6,"column":0},"end":{"line":6,"column":38}},"5":{"start":{"line":7,"column":0},"end":{"line":7,"column":36}},"6":{"start":{"line":12,"column":32},"end":{"line":13,"column":null}},"7":{"start":{"line":13,"column":4},"end":{"line":13,"column":35}},"8":{"start":{"line":15,"column":2},"end":{"line":15,"column":50}},"9":{"start":{"line":9,"column":0},"end":{"line":9,"column":16}},"10":{"start":{"line":21,"column":32},"end":{"line":22,"column":null}},"11":{"start":{"line":22,"column":4},"end":{"line":22,"column":35}},"12":{"start":{"line":24,"column":2},"end":{"line":24,"column":49}},"13":{"start":{"line":18,"column":0},"end":{"line":18,"column":16}},"14":{"start":{"line":30,"column":31},"end":{"line":30,"column":62}},"15":{"start":{"line":31,"column":2},"end":{"line":31,"column":49}},"16":{"start":{"line":27,"column":0},"end":{"line":27,"column":16}},"17":{"start":{"line":35,"column":2},"end":{"line":35,"column":61}},"18":{"start":{"line":34,"column":0},"end":{"line":34,"column":16}},"19":{"start":{"line":39,"column":2},"end":{"line":39,"column":62}},"20":{"start":{"line":38,"column":0},"end":{"line":38,"column":16}},"21":{"start":{"line":43,"column":2},"end":{"line":43,"column":62}},"22":{"start":{"line":42,"column":0},"end":{"line":42,"column":16}},"23":{"start":{"line":47,"column":2},"end":{"line":47,"column":61}},"24":{"start":{"line":46,"column":0},"end":{"line":46,"column":16}},"25":{"start":{"line":51,"column":2},"end":{"line":51,"column":62}},"26":{"start":{"line":50,"column":0},"end":{"line":50,"column":16}},"27":{"start":{"line":55,"column":2},"end":{"line":55,"column":61}},"28":{"start":{"line":54,"column":0},"end":{"line":54,"column":16}},"29":{"start":{"line":59,"column":2},"end":{"line":59,"column":62}},"30":{"start":{"line":58,"column":0},"end":{"line":58,"column":16}}},"fnMap":{"0":{"name":"and","decl":{"start":{"line":9,"column":16},"end":{"line":9,"column":19}},"loc":{"start":{"line":10,"column":64},"end":{"line":16,"column":1}}},"1":{"name":"(anonymous_1)","decl":{"start":{"line":12,"column":48},"end":{"line":12,"column":49}},"loc":{"start":{"line":13,"column":4},"end":{"line":13,"column":35}}},"2":{"name":"or","decl":{"start":{"line":18,"column":16},"end":{"line":18,"column":18}},"loc":{"start":{"line":19,"column":64},"end":{"line":25,"column":1}}},"3":{"name":"(anonymous_3)","decl":{"start":{"line":21,"column":48},"end":{"line":21,"column":49}},"loc":{"start":{"line":22,"column":4},"end":{"line":22,"column":35}}},"4":{"name":"not","decl":{"start":{"line":27,"column":16},"end":{"line":27,"column":19}},"loc":{"start":{"line":28,"column":56},"end":{"line":32,"column":1}}},"5":{"name":"eq","decl":{"start":{"line":34,"column":16},"end":{"line":34,"column":18}},"loc":{"start":{"line":34,"column":53},"end":{"line":36,"column":1}}},"6":{"name":"ne","decl":{"start":{"line":38,"column":16},"end":{"line":38,"column":18}},"loc":{"start":{"line":38,"column":53},"end":{"line":40,"column":1}}},"7":{"name":"neq","decl":{"start":{"line":42,"column":16},"end":{"line":42,"column":19}},"loc":{"start":{"line":42,"column":54},"end":{"line":44,"column":1}}},"8":{"name":"gt","decl":{"start":{"line":46,"column":16},"end":{"line":46,"column":18}},"loc":{"start":{"line":46,"column":53},"end":{"line":48,"column":1}}},"9":{"name":"gte","decl":{"start":{"line":50,"column":16},"end":{"line":50,"column":19}},"loc":{"start":{"line":50,"column":54},"end":{"line":52,"column":1}}},"10":{"name":"lt","decl":{"start":{"line":54,"column":16},"end":{"line":54,"column":18}},"loc":{"start":{"line":54,"column":53},"end":{"line":56,"column":1}}},"11":{"name":"lte","decl":{"start":{"line":58,"column":16},"end":{"line":58,"column":19}},"loc":{"start":{"line":58,"column":54},"end":{"line":60,"column":1}}}},"branchMap":{},"s":{"0":10,"1":10,"2":10,"3":10,"4":10,"5":10,"6":4,"7":13,"8":4,"9":10,"10":1,"11":1,"12":0,"13":10,"14":2,"15":2,"16":10,"17":1,"18":10,"19":1,"20":10,"21":1,"22":10,"23":1,"24":10,"25":1,"26":10,"27":1,"28":10,"29":1,"30":10},"f":{"0":4,"1":13,"2":1,"3":1,"4":2,"5":1,"6":1,"7":1,"8":1,"9":1,"10":1,"11":1},"b":{}}
,"/home/runner/work/spectra-js/spectra-js/src/expressions/index.ts": {"path":"/home/runner/work/spectra-js/spectra-js/src/expressions/index.ts","statementMap":{"0":{"start":{"line":1,"column":0},"end":{"line":1,"column":26}},"1":{"start":{"line":2,"column":0},"end":{"line":2,"column":25}},"2":{"start":{"line":3,"column":0},"end":{"line":3,"column":22}},"3":{"start":{"line":4,"column":0},"end":{"line":4,"column":22}},"4":{"start":{"line":5,"column":0},"end":{"line":5,"column":21}}},"fnMap":{},"branchMap":{},"s":{"0":10,"1":10,"2":10,"3":10,"4":10},"f":{},"b":{}}
,"/home/runner/work/spectra-js/spectra-js/src/expressions/not.ts": {"path":"/home/runner/work/spectra-js/spectra-js/src/expressions/not.ts","statementMap":{"0":{"start":{"line":2,"column":0},"end":{"line":2,"column":null}},"1":{"start":{"line":11,"column":10},"end":{"line":11,"column":null}},"2":{"start":{"line":14,"column":4},"end":{"line":14,"column":33}},"3":{"start":{"line":18,"column":4},"end":{"line":18,"column":34}},"4":{"start":{"line":22,"column":4},"end":{"line":22,"column":39}},"5":{"start":{"line":26,"column":4},"end":{"line":26,"column":29}},"6":{"start":{"line":30,"column":4},"end":{"line":32,"column":6}},"7":{"start":{"line":36,"column":4},"end":{"line":36,"column":48}},"8":{"start":{"line":40,"column":4},"end":{"line":40,"column":43}},"9":{"start":{"line":44,"column":4},"end":{"line":48,"column":6}},"10":{"start":{"line":10,"column":0},"end":{"line":10,"column":13}}},"fnMap":{"0":{"name":"(anonymous_0)","decl":{"start":{"line":13,"column":2},"end":{"line":13,"column":14}},"loc":{"start":{"line":13,"column":45},"end":{"line":15,"column":3}}},"1":{"name":"(anonymous_1)","decl":{"start":{"line":17,"column":9},"end":{"line":17,"column":16}},"loc":{"start":{"line":17,"column":16},"end":{"line":19,"column":3}}},"2":{"name":"(anonymous_2)","decl":{"start":{"line":21,"column":9},"end":{"line":21,"column":18}},"loc":{"start":{"line":21,"column":18},"end":{"line":23,"column":3}}},"3":{"name":"(anonymous_3)","decl":{"start":{"line":25,"column":9},"end":{"line":25,"column":22}},"loc":{"start":{"line":25,"column":22},"end":{"line":27,"column":3}}},"4":{"name":"(anonymous_4)","decl":{"start":{"line":29,"column":9},"end":{"line":29,"column":22}},"loc":{"start":{"line":29,"column":22},"end":{"line":33,"column":3}}},"5":{"name":"(anonymous_5)","decl":{"start":{"line":35,"column":9},"end":{"line":35,"column":22}},"loc":{"start":{"line":35,"column":22},"end":{"line":37,"column":3}}},"6":{"name":"(anonymous_6)","decl":{"start":{"line":39,"column":9},"end":{"line":39,"column":17}},"loc":{"start":{"line":39,"column":32},"end":{"line":41,"column":3}}},"7":{"name":"(anonymous_7)","decl":{"start":{"line":43,"column":9},"end":{"line":43,"column":14}},"loc":{"start":{"line":43,"column":55},"end":{"line":49,"column":3}}}},"branchMap":{},"s":{"0":10,"1":5,"2":5,"3":1,"4":3,"5":0,"6":2,"7":1,"8":5,"9":1,"10":10},"f":{"0":5,"1":1,"2":3,"3":0,"4":2,"5":1,"6":5,"7":1},"b":{}}
,"/home/runner/work/spectra-js/spectra-js/src/expressions/or.ts": {"path":"/home/runner/work/spectra-js/spectra-js/src/expressions/or.ts","statementMap":{"0":{"start":{"line":2,"column":0},"end":{"line":2,"column":null}},"1":{"start":{"line":11,"column":10},"end":{"line":11,"column":null}},"2":{"start":{"line":14,"column":4},"end":{"line":14,"column":35}},"3":{"start":{"line":18,"column":4},"end":{"line":18,"column":33}},"4":{"start":{"line":22,"column":4},"end":{"line":24,"column":31}},"5":{"start":{"line":23,"column":6},"end":{"line":23,"column":51}},"6":{"start":{"line":28,"column":4},"end":{"line":28,"column":28}},"7":{"start":{"line":32,"column":4},"end":{"line":34,"column":6}},"8":{"start":{"line":33,"column":47},"end":{"line":33,"column":73}},"9":{"start":{"line":38,"column":4},"end":{"line":38,"column":48}},"10":{"start":{"line":42,"column":4},"end":{"line":42,"column":76}},"11":{"start":{"line":42,"column":49},"end":{"line":42,"column":74}},"12":{"start":{"line":46,"column":4},"end":{"line":50,"column":6}},"13":{"start":{"line":49,"column":56},"end":{"line":49,"column":87}},"14":{"start":{"line":10,"column":0},"end":{"line":10,"column":13}}},"fnMap":{"0":{"name":"(anonymous_0)","decl":{"start":{"line":13,"column":2},"end":{"line":13,"column":14}},"loc":{"start":{"line":13,"column":53},"end":{"line":15,"column":3}}},"1":{"name":"(anonymous_1)","decl":{"start":{"line":17,"column":9},"end":{"line":17,"column":16}},"loc":{"start":{"line":17,"column":16},"end":{"line":19,"column":3}}},"2":{"name":"(anonymous_2)","decl":{"start":{"line":21,"column":9},"end":{"line":21,"column":18}},"loc":{"start":{"line":21,"column":18},"end":{"line":25,"column":3}}},"3":{"name":"(anonymous_3)","decl":{"start":{"line":22,"column":35},"end":{"line":22,"column":36}},"loc":{"start":{"line":22,"column":58},"end":{"line":24,"column":5}}},"4":{"name":"(anonymous_4)","decl":{"start":{"line":27,"column":9},"end":{"line":27,"column":22}},"loc":{"start":{"line":27,"column":22},"end":{"line":29,"column":3}}},"5":{"name":"(anonymous_5)","decl":{"start":{"line":31,"column":9},"end":{"line":31,"column":22}},"loc":{"start":{"line":31,"column":22},"end":{"line":35,"column":3}}},"6":{"name":"(anonymous_6)","decl":{"start":{"line":33,"column":31},"end":{"line":33,"column":32}},"loc":{"start":{"line":33,"column":47},"end":{"line":33,"column":73}}},"7":{"name":"(anonymous_7)","decl":{"start":{"line":37,"column":9},"end":{"line":37,"column":22}},"loc":{"start":{"line":37,"column":22},"end":{"line":39,"column":3}}},"8":{"name":"(anonymous_8)","decl":{"start":{"line":41,"column":9},"end":{"line":41,"column":17}},"loc":{"start":{"line":41,"column":32},"end":{"line":43,"column":3}}},"9":{"name":"(anonymous_9)","decl":{"start":{"line":42,"column":33},"end":{"line":42,"column":34}},"loc":{"start":{"line":42,"column":49},"end":{"line":42,"column":74}}},"10":{"name":"(anonymous_10)","decl":{"start":{"line":45,"column":9},"end":{"line":45,"column":14}},"loc":{"start":{"line":45,"column":55},"end":{"line":51,"column":3}}},"11":{"name":"(anonymous_11)","decl":{"start":{"line":49,"column":40},"end":{"line":49,"column":41}},"loc":{"start":{"line":49,"column":56},"end":{"line":49,"column":87}}}},"branchMap":{},"s":{"0":10,"1":4,"2":4,"3":1,"4":3,"5":6,"6":0,"7":2,"8":4,"9":1,"10":1,"11":1,"12":1,"13":2,"14":10},"f":{"0":4,"1":1,"2":3,"3":6,"4":0,"5":2,"6":4,"7":1,"8":1,"9":1,"10":1,"11":2},"b":{}}
,"/home/runner/work/spectra-js/spectra-js/src/policy/index.ts": {"path":"/home/runner/work/spectra-js/spectra-js/src/policy/index.ts","statementMap":{"0":{"start":{"line":1,"column":0},"end":{"line":1,"column":25}}},"fnMap":{},"branchMap":{},"s":{"0":10},"f":{},"b":{}}
,"/home/runner/work/spectra-js/spectra-js/src/policy/policy.ts": {"path":"/home/runner/work/spectra-js/spectra-js/src/policy/policy.ts","statementMap":{"0":{"start":{"line":4,"column":10},"end":{"line":4,"column":null}},"1":{"start":{"line":5,"column":10},"end":{"line":5,"column":null}},"2":{"start":{"line":6,"column":10},"end":{"line":6,"column":null}},"3":{"start":{"line":7,"column":10},"end":{"line":7,"column":null}},"4":{"start":{"line":10,"column":4},"end":{"line":10,"column":35}},"5":{"start":{"line":11,"column":4},"end":{"line":11,"column":35}},"6":{"start":{"line":12,"column":4},"end":{"line":12,"column":25}},"7":{"start":{"line":13,"column":4},"end":{"line":13,"column":25}},"8":{"start":{"line":17,"column":4},"end":{"line":17,"column":28}},"9":{"start":{"line":21,"column":4},"end":{"line":21,"column":28}},"10":{"start":{"line":25,"column":4},"end":{"line":25,"column":23}},"11":{"start":{"line":29,"column":4},"end":{"line":29,"column":23}},"12":{"start":{"line":3,"column":0},"end":{"line":3,"column":13}}},"fnMap":{"0":{"name":"(anonymous_0)","decl":{"start":{"line":9,"column":2},"end":{"line":9,"column":14}},"loc":{"start":{"line":9,"column":80},"end":{"line":14,"column":3}}},"1":{"name":"(anonymous_1)","decl":{"start":{"line":16,"column":9},"end":{"line":16,"column":23}},"loc":{"start":{"line":16,"column":23},"end":{"line":18,"column":3}}},"2":{"name":"(anonymous_2)","decl":{"start":{"line":20,"column":9},"end":{"line":20,"column":23}},"loc":{"start":{"line":20,"column":23},"end":{"line":22,"column":3}}},"3":{"name":"(anonymous_3)","decl":{"start":{"line":24,"column":9},"end":{"line":24,"column":18}},"loc":{"start":{"line":24,"column":18},"end":{"line":26,"column":3}}},"4":{"name":"(anonymous_4)","decl":{"start":{"line":28,"column":9},"end":{"line":28,"column":18}},"loc":{"start":{"line":28,"column":18},"end":{"line":30,"column":3}}}},"branchMap":{"0":{"loc":{"start":{"line":9,"column":16},"end":{"line":9,"column":32}},"type":"default-arg","locations":[{"start":{"line":9,"column":30},"end":{"line":9,"column":32}}]}},"s":{"0":7,"1":7,"2":7,"3":7,"4":7,"5":7,"6":7,"7":7,"8":1,"9":9,"10":9,"11":22,"12":10},"f":{"0":7,"1":1,"2":9,"3":9,"4":22},"b":{"0":[6]}}
,"/home/runner/work/spectra-js/spectra-js/src/types/index.ts": {"path":"/home/runner/work/spectra-js/spectra-js/src/types/index.ts","statementMap":{"0":{"start":{"line":1,"column":0},"end":{"line":1,"column":30}},"1":{"start":{"line":2,"column":0},"end":{"line":2,"column":27}},"2":{"start":{"line":3,"column":0},"end":{"line":3,"column":29}},"3":{"start":{"line":4,"column":0},"end":{"line":4,"column":28}},"4":{"start":{"line":5,"column":0},"end":{"line":5,"column":25}}},"fnMap":{},"branchMap":{},"s":{"0":10,"1":10,"2":10,"3":10,"4":10},"f":{},"b":{}}
,"/home/runner/work/spectra-js/spectra-js/src/types/operation.ts": {"path":"/home/runner/work/spectra-js/spectra-js/src/types/operation.ts","statementMap":{"0":{"start":{"line":1,"column":0},"end":{"line":1,"column":null}},"1":{"start":{"line":2,"column":2},"end":{"line":2,"column":null}},"2":{"start":{"line":3,"column":2},"end":{"line":3,"column":null}},"3":{"start":{"line":4,"column":2},"end":{"line":4,"column":null}},"4":{"start":{"line":5,"column":2},"end":{"line":5,"column":null}},"5":{"start":{"line":6,"column":2},"end":{"line":6,"column":null}},"6":{"start":{"line":7,"column":2},"end":{"line":7,"column":null}},"7":{"start":{"line":8,"column":2},"end":{"line":8,"column":null}},"8":{"start":{"line":9,"column":2},"end":{"line":9,"column":null}},"9":{"start":{"line":10,"column":2},"end":{"line":10,"column":null}},"10":{"start":{"line":11,"column":2},"end":{"line":11,"column":null}},"11":{"start":{"line":14,"column":13},"end":{"line":25,"column":11}},"12":{"start":{"line":27,"column":13},"end":{"line":31,"column":2}}},"fnMap":{"0":{"name":"(anonymous_0)","decl":{"start":{"line":1,"column":0},"end":{"line":1,"column":18}},"loc":{"start":{"line":1,"column":31},"end":{"line":12,"column":1}}}},"branchMap":{"0":{"loc":{"start":{"line":1,"column":18},"end":{"line":1,"column":null}},"type":"binary-expr","locations":[{"start":{"line":1,"column":18},"end":{"line":1,"column":31}},{"start":{"line":1,"column":31},"end":{"line":1,"column":null}}]}},"s":{"0":10,"1":10,"2":10,"3":10,"4":10,"5":10,"6":10,"7":10,"8":10,"9":10,"10":10,"11":10,"12":10},"f":{"0":10},"b":{"0":[10,10]}}
,"/home/runner/work/spectra-js/spectra-js/src/utils/data-loader.ts": {"path":"/home/runner/work/spectra-js/spectra-js/src/utils/data-loader.ts","statementMap":{"0":{"start":{"line":7,"column":2},"end":{"line":7,"column":69}},"1":{"start":{"line":6,"column":0},"end":{"line":6,"column":16}},"2":{"start":{"line":14,"column":2},"end":{"line":14,"column":71}},"3":{"start":{"line":13,"column":0},"end":{"line":13,"column":16}}},"fnMap":{"0":{"name":"isDataLoaderFunction","decl":{"start":{"line":6,"column":16},"end":{"line":6,"column":36}},"loc":{"start":{"line":6,"column":47},"end":{"line":8,"column":1}}},"1":{"name":"isDataLoaderClass","decl":{"start":{"line":13,"column":16},"end":{"line":13,"column":33}},"loc":{"start":{"line":13,"column":44},"end":{"line":15,"column":1}}}},"branchMap":{"0":{"loc":{"start":{"line":7,"column":12},"end":{"line":7,"column":67}},"type":"binary-expr","locations":[{"start":{"line":7,"column":12},"end":{"line":7,"column":17}},{"start":{"line":7,"column":21},"end":{"line":7,"column":38}},{"start":{"line":7,"column":42},"end":{"line":7,"column":52}},{"start":{"line":7,"column":56},"end":{"line":7,"column":67}}]},"1":{"loc":{"start":{"line":14,"column":9},"end":{"line":14,"column":70}},"type":"binary-expr","locations":[{"start":{"line":14,"column":9},"end":{"line":14,"column":34}},{"start":{"line":14,"column":38},"end":{"line":14,"column":70}}]}},"s":{"0":7,"1":10,"2":2,"3":10},"f":{"0":7,"1":2},"b":{"0":[7,7,7,5],"1":[2,2]}}
,"/home/runner/work/spectra-js/spectra-js/src/utils/evaluate.ts": {"path":"/home/runner/work/spectra-js/spectra-js/src/utils/evaluate.ts","statementMap":{"0":{"start":{"line":8,"column":0},"end":{"line":8,"column":50}},"1":{"start":{"line":9,"column":0},"end":{"line":9,"column":42}},"2":{"start":{"line":15,"column":2},"end":{"line":17,"column":3}},"3":{"start":{"line":16,"column":4},"end":{"line":16,"column":25}},"4":{"start":{"line":19,"column":2},"end":{"line":19,"column":19}},"5":{"start":{"line":14,"column":0},"end":{"line":14,"column":16}},"6":{"start":{"line":26,"column":2},"end":{"line":36,"column":3}},"7":{"start":{"line":28,"column":6},"end":{"line":28,"column":44}},"8":{"start":{"line":31,"column":6},"end":{"line":31,"column":45}},"9":{"start":{"line":33,"column":6},"end":{"line":35,"column":8}},"10":{"start":{"line":47,"column":2},"end":{"line":69,"column":3}},"11":{"start":{"line":49,"column":6},"end":{"line":49,"column":38}},"12":{"start":{"line":52,"column":6},"end":{"line":52,"column":38}},"13":{"start":{"line":54,"column":6},"end":{"line":54,"column":36}},"14":{"start":{"line":56,"column":6},"end":{"line":56,"column":37}},"15":{"start":{"line":58,"column":6},"end":{"line":58,"column":36}},"16":{"start":{"line":60,"column":6},"end":{"line":60,"column":37}},"17":{"start":{"line":62,"column":6},"end":{"line":68,"column":7}},"18":{"start":{"line":63,"column":8},"end":{"line":63,"column":80}},"19":{"start":{"line":65,"column":8},"end":{"line":67,"column":10}},"20":{"start":{"line":42,"column":0},"end":{"line":42,"column":16}}},"fnMap":{"0":{"name":"getValueFromKey","decl":{"start":{"line":14,"column":16},"end":{"line":14,"column":31}},"loc":{"start":{"line":14,"column":73},"end":{"line":20,"column":1}}},"1":{"name":"compareArray","decl":{"start":{"line":25,"column":9},"end":{"line":25,"column":21}},"loc":{"start":{"line":25,"column":86},"end":{"line":37,"column":1}}},"2":{"name":"compareValue","decl":{"start":{"line":42,"column":16},"end":{"line":42,"column":28}},"loc":{"start":{"line":45,"column":15},"end":{"line":70,"column":1}}}},"branchMap":{"0":{"loc":{"start":{"line":15,"column":2},"end":{"line":17,"column":3}},"type":"if","locations":[{"start":{"line":15,"column":2},"end":{"line":17,"column":3}}]},"1":{"loc":{"start":{"line":15,"column":6},"end":{"line":15,"column":37}},"type":"binary-expr","locations":[{"start":{"line":15,"column":6},"end":{"line":15,"column":18}},{"start":{"line":15,"column":22},"end":{"line":15,"column":37}}]},"2":{"loc":{"start":{"line":26,"column":2},"end":{"line":36,"column":3}},"type":"switch","locations":[{"start":{"line":27,"column":4},"end":{"line":28,"column":44}},{"start":{"line":29,"column":4},"end":{"line":29,"column":27}},{"start":{"line":30,"column":4},"end":{"line":31,"column":45}},{"start":{"line":32,"column":4},"end":{"line":35,"column":8}}]},"3":{"loc":{"start":{"line":47,"column":2},"end":{"line":69,"column":3}},"type":"switch","locations":[{"start":{"line":48,"column":4},"end":{"line":49,"column":38}},{"start":{"line":50,"column":4},"end":{"line":50,"column":27}},{"start":{"line":51,"column":4},"end":{"line":52,"column":38}},{"start":{"line":53,"column":4},"end":{"line":54,"column":36}},{"start":{"line":55,"column":4},"end":{"line":56,"column":37}},{"start":{"line":57,"column":4},"end":{"line":58,"column":36}},{"start":{"line":59,"column":4},"end":{"line":60,"column":37}},{"start":{"line":61,"column":4},"end":{"line":68,"column":7}}]},"4":{"loc":{"start":{"line":62,"column":6},"end":{"line":68,"column":7}},"type":"if","locations":[{"start":{"line":62,"column":6},"end":{"line":68,"column":7}},{"start":{"line":64,"column":13},"end":{"line":68,"column":7}}]},"5":{"loc":{"start":{"line":62,"column":10},"end":{"line":62,"column":64}},"type":"binary-expr","locations":[{"start":{"line":62,"column":10},"end":{"line":62,"column":35}},{"start":{"line":62,"column":39},"end":{"line":62,"column":64}}]}},"s":{"0":10,"1":10,"2":28,"3":1,"4":27,"5":10,"6":5,"7":2,"8":2,"9":1,"10":41,"11":8,"12":21,"13":3,"14":1,"15":1,"16":1,"17":6,"18":5,"19":1,"20":10},"f":{"0":28,"1":5,"2":41},"b":{"0":[1],"1":[28,28],"2":[2,1,2,1],"3":[8,10,21,3,1,1,1,6],"4":[5,1],"5":[6,6]}}
,"/home/runner/work/spectra-js/spectra-js/src/utils/expression.ts": {"path":"/home/runner/work/spectra-js/spectra-js/src/utils/expression.ts","statementMap":{"0":{"start":{"line":9,"column":0},"end":{"line":9,"column":null}},"1":{"start":{"line":15,"column":0},"end":{"line":15,"column":61}},"2":{"start":{"line":18,"column":2},"end":{"line":18,"column":65}},"3":{"start":{"line":17,"column":0},"end":{"line":17,"column":16}},"4":{"start":{"line":22,"column":2},"end":{"line":33,"column":24}},"5":{"start":{"line":21,"column":0},"end":{"line":21,"column":16}},"6":{"start":{"line":39,"column":2},"end":{"line":44,"column":4}},"7":{"start":{"line":36,"column":0},"end":{"line":36,"column":16}},"8":{"start":{"line":50,"column":2},"end":{"line":52,"column":3}},"9":{"start":{"line":51,"column":4},"end":{"line":51,"column":17}},"10":{"start":{"line":54,"column":2},"end":{"line":56,"column":3}},"11":{"start":{"line":55,"column":4},"end":{"line":55,"column":17}},"12":{"start":{"line":58,"column":35},"end":{"line":58,"column":45}},"13":{"start":{"line":60,"column":2},"end":{"line":62,"column":3}},"14":{"start":{"line":61,"column":4},"end":{"line":61,"column":17}},"15":{"start":{"line":64,"column":2},"end":{"line":66,"column":3}},"16":{"start":{"line":65,"column":4},"end":{"line":65,"column":17}},"17":{"start":{"line":68,"column":2},"end":{"line":76,"column":3}},"18":{"start":{"line":75,"column":4},"end":{"line":75,"column":16}},"19":{"start":{"line":78,"column":2},"end":{"line":80,"column":3}},"20":{"start":{"line":79,"column":4},"end":{"line":79,"column":16}},"21":{"start":{"line":82,"column":2},"end":{"line":82,"column":15}},"22":{"start":{"line":47,"column":0},"end":{"line":47,"column":16}},"23":{"start":{"line":88,"column":2},"end":{"line":90,"column":3}},"24":{"start":{"line":89,"column":4},"end":{"line":89,"column":17}},"25":{"start":{"line":92,"column":2},"end":{"line":94,"column":3}},"26":{"start":{"line":93,"column":4},"end":{"line":93,"column":17}},"27":{"start":{"line":96,"column":2},"end":{"line":98,"column":3}},"28":{"start":{"line":97,"column":4},"end":{"line":97,"column":17}},"29":{"start":{"line":100,"column":2},"end":{"line":100,"column":14}},"30":{"start":{"line":85,"column":0},"end":{"line":85,"column":16}},"31":{"start":{"line":106,"column":2},"end":{"line":108,"column":3}},"32":{"start":{"line":107,"column":4},"end":{"line":107,"column":17}},"33":{"start":{"line":110,"column":2},"end":{"line":112,"column":3}},"34":{"start":{"line":111,"column":4},"end":{"line":111,"column":17}},"35":{"start":{"line":114,"column":2},"end":{"line":116,"column":3}},"36":{"start":{"line":115,"column":4},"end":{"line":115,"column":17}},"37":{"start":{"line":118,"column":2},"end":{"line":118,"column":14}},"38":{"start":{"line":103,"column":0},"end":{"line":103,"column":16}},"39":{"start":{"line":124,"column":2},"end":{"line":124,"column":72}},"40":{"start":{"line":121,"column":0},"end":{"line":121,"column":16}},"41":{"start":{"line":131,"column":2},"end":{"line":133,"column":3}},"42":{"start":{"line":132,"column":4},"end":{"line":132,"column":22}},"43":{"start":{"line":135,"column":2},"end":{"line":137,"column":3}},"44":{"start":{"line":136,"column":4},"end":{"line":136,"column":77}},"45":{"start":{"line":139,"column":2},"end":{"line":141,"column":3}},"46":{"start":{"line":140,"column":4},"end":{"line":140,"column":70}},"47":{"start":{"line":143,"column":2},"end":{"line":145,"column":3}},"48":{"start":{"line":144,"column":4},"end":{"line":144,"column":68}},"49":{"start":{"line":147,"column":2},"end":{"line":149,"column":3}},"50":{"start":{"line":148,"column":4},"end":{"line":148,"column":66}},"51":{"start":{"line":151,"column":2},"end":{"line":151,"column":72}},"52":{"start":{"line":130,"column":0},"end":{"line":130,"column":16}}},"fnMap":{"0":{"name":"isRefValue","decl":{"start":{"line":17,"column":16},"end":{"line":17,"column":26}},"loc":{"start":{"line":17,"column":35},"end":{"line":19,"column":1}}},"1":{"name":"isValidOperation","decl":{"start":{"line":21,"column":16},"end":{"line":21,"column":32}},"loc":{"start":{"line":21,"column":47},"end":{"line":34,"column":1}}},"2":{"name":"isValidExpressionInterface","decl":{"start":{"line":36,"column":16},"end":{"line":36,"column":42}},"loc":{"start":{"line":37,"column":17},"end":{"line":45,"column":1}}},"3":{"name":"isValidBinaryExpressionDefinition","decl":{"start":{"line":47,"column":16},"end":{"line":47,"column":49}},"loc":{"start":{"line":48,"column":17},"end":{"line":83,"column":1}}},"4":{"name":"isValidAndExpressionDefinition","decl":{"start":{"line":85,"column":16},"end":{"line":85,"column":46}},"loc":{"start":{"line":86,"column":17},"end":{"line":101,"column":1}}},"5":{"name":"isValidOrExpressionDefinition","decl":{"start":{"line":103,"column":16},"end":{"line":103,"column":45}},"loc":{"start":{"line":104,"column":17},"end":{"line":119,"column":1}}},"6":{"name":"isValidNotExpressionDefinition","decl":{"start":{"line":121,"column":16},"end":{"line":121,"column":46}},"loc":{"start":{"line":122,"column":17},"end":{"line":125,"column":1}}},"7":{"name":"normalizeExpression","decl":{"start":{"line":130,"column":16},"end":{"line":130,"column":35}},"loc":{"start":{"line":130,"column":51},"end":{"line":152,"column":1}}}},"branchMap":{"0":{"loc":{"start":{"line":18,"column":9},"end":{"line":18,"column":64}},"type":"binary-expr","locations":[{"start":{"line":18,"column":9},"end":{"line":18,"column":21}},{"start":{"line":18,"column":25},"end":{"line":18,"column":48}},{"start":{"line":18,"column":52},"end":{"line":18,"column":64}}]},"1":{"loc":{"start":{"line":40,"column":4},"end":{"line":43,"column":39}},"type":"binary-expr","locations":[{"start":{"line":40,"column":4},"end":{"line":40,"column":42}},{"start":{"line":41,"column":4},"end":{"line":41,"column":39}},{"start":{"line":42,"column":4},"end":{"line":42,"column":38}},{"start":{"line":43,"column":4},"end":{"line":43,"column":39}}]},"2":{"loc":{"start":{"line":50,"column":2},"end":{"line":52,"column":3}},"type":"if","locations":[{"start":{"line":50,"column":2},"end":{"line":52,"column":3}}]},"3":{"loc":{"start":{"line":54,"column":2},"end":{"line":56,"column":3}},"type":"if","locations":[{"start":{"line":54,"column":2},"end":{"line":56,"column":3}}]},"4":{"loc":{"start":{"line":60,"column":2},"end":{"line":62,"column":3}},"type":"if","locations":[{"start":{"line":60,"column":2},"end":{"line":62,"column":3}}]},"5":{"loc":{"start":{"line":64,"column":2},"end":{"line":66,"column":3}},"type":"if","locations":[{"start":{"line":64,"column":2},"end":{"line":66,"column":3}}]},"6":{"loc":{"start":{"line":68,"column":2},"end":{"line":76,"column":3}},"type":"if","locations":[{"start":{"line":68,"column":2},"end":{"line":76,"column":3}}]},"7":{"loc":{"start":{"line":69,"column":4},"end":{"line":73,"column":18}},"type":"binary-expr","locations":[{"start":{"line":69,"column":4},"end":{"line":69,"column":29}},{"start":{"line":70,"column":4},"end":{"line":70,"column":30}},{"start":{"line":71,"column":4},"end":{"line":71,"column":29}},{"start":{"line":72,"column":4},"end":{"line":72,"column":25}},{"start":{"line":73,"column":4},"end":{"line":73,"column":18}}]},"8":{"loc":{"start":{"line":78,"column":2},"end":{"line":80,"column":3}},"type":"if","locations":[{"start":{"line":78,"column":2},"end":{"line":80,"column":3}}]},"9":{"loc":{"start":{"line":78,"column":6},"end":{"line":78,"column":64}},"type":"binary-expr","locations":[{"start":{"line":78,"column":6},"end":{"line":78,"column":31}},{"start":{"line":78,"column":35},"end":{"line":78,"column":64}}]},"10":{"loc":{"start":{"line":88,"column":2},"end":{"line":90,"column":3}},"type":"if","locations":[{"start":{"line":88,"column":2},"end":{"line":90,"column":3}}]},"11":{"loc":{"start":{"line":92,"column":2},"end":{"line":94,"column":3}},"type":"if","locations":[{"start":{"line":92,"column":2},"end":{"line":94,"column":3}}]},"12":{"loc":{"start":{"line":96,"column":2},"end":{"line":98,"column":3}},"type":"if","locations":[{"start":{"line":96,"column":2},"end":{"line":98,"column":3}}]},"13":{"loc":{"start":{"line":106,"column":2},"end":{"line":108,"column":3}},"type":"if","locations":[{"start":{"line":106,"column":2},"end":{"line":108,"column":3}}]},"14":{"loc":{"start":{"line":110,"column":2},"end":{"line":112,"column":3}},"type":"if","locations":[{"start":{"line":110,"column":2},"end":{"line":112,"column":3}}]},"15":{"loc":{"start":{"line":114,"column":2},"end":{"line":116,"column":3}},"type":"if","locations":[{"start":{"line":114,"column":2},"end":{"line":116,"column":3}}]},"16":{"loc":{"start":{"line":124,"column":9},"end":{"line":124,"column":71}},"type":"binary-expr","locations":[{"start":{"line":124,"column":9},"end":{"line":124,"column":39}},{"start":{"line":124,"column":43},"end":{"line":124,"column":71}}]},"17":{"loc":{"start":{"line":131,"column":2},"end":{"line":133,"column":3}},"type":"if","locations":[{"start":{"line":131,"column":2},"end":{"line":133,"column":3}}]},"18":{"loc":{"start":{"line":135,"column":2},"end":{"line":137,"column":3}},"type":"if","locations":[{"start":{"line":135,"column":2},"end":{"line":137,"column":3}}]},"19":{"loc":{"start":{"line":139,"column":2},"end":{"line":141,"column":3}},"type":"if","locations":[{"start":{"line":139,"column":2},"end":{"line":141,"column":3}}]},"20":{"loc":{"start":{"line":143,"column":2},"end":{"line":145,"column":3}},"type":"if","locations":[{"start":{"line":143,"column":2},"end":{"line":145,"column":3}}]},"21":{"loc":{"start":{"line":147,"column":2},"end":{"line":149,"column":3}},"type":"if","locations":[{"start":{"line":147,"column":2},"end":{"line":149,"column":3}}]}},"s":{"0":10,"1":10,"2":89,"3":10,"4":20,"5":10,"6":32,"7":10,"8":32,"9":8,"10":24,"11":3,"12":21,"13":21,"14":1,"15":20,"16":1,"17":19,"18":17,"19":2,"20":2,"21":0,"22":10,"23":13,"24":1,"25":12,"26":6,"27":6,"28":1,"29":5,"30":10,"31":6,"32":0,"33":6,"34":3,"35":3,"36":0,"37":3,"38":10,"39":3,"40":10,"41":32,"42":5,"43":27,"44":18,"45":9,"46":3,"47":6,"48":3,"49":3,"50":2,"51":1,"52":10},"f":{"0":89,"1":20,"2":32,"3":32,"4":13,"5":6,"6":3,"7":32},"b":{"0":[89,58,6],"1":[32,31,29,29],"2":[8],"3":[3],"4":[1],"5":[1],"6":[17],"7":[19,15,15,12,12],"8":[2],"9":[2,2],"10":[1],"11":[6],"12":[1],"13":[0],"14":[3],"15":[0],"16":[3,3],"17":[5],"18":[18],"19":[3],"20":[3],"21":[2]}}
,"/home/runner/work/spectra-js/spectra-js/src/utils/index.ts": {"path":"/home/runner/work/spectra-js/spectra-js/src/utils/index.ts","statementMap":{"0":{"start":{"line":1,"column":0},"end":{"line":1,"column":30}},"1":{"start":{"line":2,"column":0},"end":{"line":2,"column":29}},"2":{"start":{"line":3,"column":0},"end":{"line":3,"column":27}},"3":{"start":{"line":4,"column":0},"end":{"line":4,"column":25}}},"fnMap":{},"branchMap":{},"s":{"0":10,"1":10,"2":10,"3":10},"f":{},"b":{}}
,"/home/runner/work/spectra-js/spectra-js/src/utils/policy.ts": {"path":"/home/runner/work/spectra-js/spectra-js/src/utils/policy.ts","statementMap":{"0":{"start":{"line":8,"column":27},"end":{"line":8,"column":29}},"1":{"start":{"line":9,"column":26},"end":{"line":9,"column":28}},"2":{"start":{"line":11,"column":2},"end":{"line":17,"column":5}},"3":{"start":{"line":12,"column":4},"end":{"line":16,"column":5}},"4":{"start":{"line":13,"column":6},"end":{"line":13,"column":24}},"5":{"start":{"line":15,"column":6},"end":{"line":15,"column":23}},"6":{"start":{"line":19,"column":2},"end":{"line":19,"column":25}},"7":{"start":{"line":4,"column":0},"end":{"line":4,"column":16}}},"fnMap":{"0":{"name":"bisectArray","decl":{"start":{"line":4,"column":16},"end":{"line":4,"column":27}},"loc":{"start":{"line":6,"column":32},"end":{"line":20,"column":1}}},"1":{"name":"(anonymous_1)","decl":{"start":{"line":11,"column":16},"end":{"line":11,"column":17}},"loc":{"start":{"line":11,"column":25},"end":{"line":17,"column":3}}}},"branchMap":{"0":{"loc":{"start":{"line":12,"column":4},"end":{"line":16,"column":5}},"type":"if","locations":[{"start":{"line":12,"column":4},"end":{"line":16,"column":5}},{"start":{"line":14,"column":11},"end":{"line":16,"column":5}}]}},"s":{"0":5,"1":5,"2":5,"3":15,"4":7,"5":8,"6":5,"7":10},"f":{"0":5,"1":15},"b":{"0":[7,8]}}
}
