{"total": {"lines":{"total":268,"covered":196,"skipped":0,"pct":73.13},"statements":{"total":270,"covered":196,"skipped":0,"pct":72.59},"functions":{"total":88,"covered":52,"skipped":0,"pct":59.09},"branches":{"total":81,"covered":42,"skipped":0,"pct":51.85},"branchesTrue":{"total":0,"covered":0,"skipped":0,"pct":100}}
,"/home/runner/work/spectra-js/spectra-js/src/index.ts": {"lines":{"total":6,"covered":6,"skipped":0,"pct":100},"functions":{"total":0,"covered":0,"skipped":0,"pct":100},"statements":{"total":6,"covered":6,"skipped":0,"pct":100},"branches":{"total":0,"covered":0,"skipped":0,"pct":100}}
,"/home/runner/work/spectra-js/spectra-js/src/spectra.ts": {"lines":{"total":40,"covered":21,"skipped":0,"pct":52.5},"functions":{"total":14,"covered":7,"skipped":0,"pct":50},"statements":{"total":40,"covered":21,"skipped":0,"pct":52.5},"branches":{"total":7,"covered":2,"skipped":0,"pct":28.57}}
,"/home/runner/work/spectra-js/spectra-js/src/debugger/debugger.ts": {"lines":{"total":2,"covered":1,"skipped":0,"pct":50},"functions":{"total":1,"covered":0,"skipped":0,"pct":0},"statements":{"total":2,"covered":1,"skipped":0,"pct":50},"branches":{"total":0,"covered":0,"skipped":0,"pct":100}}
,"/home/runner/work/spectra-js/spectra-js/src/debugger/index.ts": {"lines":{"total":1,"covered":1,"skipped":0,"pct":100},"functions":{"total":0,"covered":0,"skipped":0,"pct":100},"statements":{"total":1,"covered":1,"skipped":0,"pct":100},"branches":{"total":0,"covered":0,"skipped":0,"pct":100}}
,"/home/runner/work/spectra-js/spectra-js/src/evaluator/evaluator.ts": {"lines":{"total":2,"covered":2,"skipped":0,"pct":100},"functions":{"total":1,"covered":1,"skipped":0,"pct":100},"statements":{"total":2,"covered":2,"skipped":0,"pct":100},"branches":{"total":0,"covered":0,"skipped":0,"pct":100}}
,"/home/runner/work/spectra-js/spectra-js/src/evaluator/index.ts": {"lines":{"total":1,"covered":1,"skipped":0,"pct":100},"functions":{"total":0,"covered":0,"skipped":0,"pct":100},"statements":{"total":1,"covered":1,"skipped":0,"pct":100},"branches":{"total":0,"covered":0,"skipped":0,"pct":100}}
,"/home/runner/work/spectra-js/spectra-js/src/expressions/and.ts": {"lines":{"total":13,"covered":7,"skipped":0,"pct":53.84},"functions":{"total":11,"covered":4,"skipped":0,"pct":36.36},"statements":{"total":14,"covered":7,"skipped":0,"pct":50},"branches":{"total":0,"covered":0,"skipped":0,"pct":100}}
,"/home/runner/work/spectra-js/spectra-js/src/expressions/binary.ts": {"lines":{"total":25,"covered":17,"skipped":0,"pct":68},"functions":{"total":8,"covered":6,"skipped":0,"pct":75},"statements":{"total":25,"covered":17,"skipped":0,"pct":68},"branches":{"total":9,"covered":1,"skipped":0,"pct":11.11}}
,"/home/runner/work/spectra-js/spectra-js/src/expressions/factory.ts": {"lines":{"total":31,"covered":28,"skipped":0,"pct":90.32},"functions":{"total":12,"covered":10,"skipped":0,"pct":83.33},"statements":{"total":31,"covered":28,"skipped":0,"pct":90.32},"branches":{"total":0,"covered":0,"skipped":0,"pct":100}}
,"/home/runner/work/spectra-js/spectra-js/src/expressions/index.ts": {"lines":{"total":5,"covered":5,"skipped":0,"pct":100},"functions":{"total":0,"covered":0,"skipped":0,"pct":100},"statements":{"total":5,"covered":5,"skipped":0,"pct":100},"branches":{"total":0,"covered":0,"skipped":0,"pct":100}}
,"/home/runner/work/spectra-js/spectra-js/src/expressions/not.ts": {"lines":{"total":11,"covered":6,"skipped":0,"pct":54.54},"functions":{"total":8,"covered":3,"skipped":0,"pct":37.5},"statements":{"total":11,"covered":6,"skipped":0,"pct":54.54},"branches":{"total":0,"covered":0,"skipped":0,"pct":100}}
,"/home/runner/work/spectra-js/spectra-js/src/expressions/or.ts": {"lines":{"total":14,"covered":7,"skipped":0,"pct":50},"functions":{"total":12,"covered":4,"skipped":0,"pct":33.33},"statements":{"total":15,"covered":7,"skipped":0,"pct":46.66},"branches":{"total":0,"covered":0,"skipped":0,"pct":100}}
,"/home/runner/work/spectra-js/spectra-js/src/policy/index.ts": {"lines":{"total":1,"covered":1,"skipped":0,"pct":100},"functions":{"total":0,"covered":0,"skipped":0,"pct":100},"statements":{"total":1,"covered":1,"skipped":0,"pct":100},"branches":{"total":0,"covered":0,"skipped":0,"pct":100}}
,"/home/runner/work/spectra-js/spectra-js/src/policy/policy.ts": {"lines":{"total":13,"covered":12,"skipped":0,"pct":92.3},"functions":{"total":5,"covered":4,"skipped":0,"pct":80},"statements":{"total":13,"covered":12,"skipped":0,"pct":92.3},"branches":{"total":1,"covered":1,"skipped":0,"pct":100}}
,"/home/runner/work/spectra-js/spectra-js/src/types/index.ts": {"lines":{"total":5,"covered":5,"skipped":0,"pct":100},"functions":{"total":0,"covered":0,"skipped":0,"pct":100},"statements":{"total":5,"covered":5,"skipped":0,"pct":100},"branches":{"total":0,"covered":0,"skipped":0,"pct":100}}
,"/home/runner/work/spectra-js/spectra-js/src/types/operation.ts": {"lines":{"total":13,"covered":13,"skipped":0,"pct":100},"functions":{"total":1,"covered":1,"skipped":0,"pct":100},"statements":{"total":13,"covered":13,"skipped":0,"pct":100},"branches":{"total":2,"covered":2,"skipped":0,"pct":100}}
,"/home/runner/work/spectra-js/spectra-js/src/utils/data-loader.ts": {"lines":{"total":4,"covered":3,"skipped":0,"pct":75},"functions":{"total":2,"covered":1,"skipped":0,"pct":50},"statements":{"total":4,"covered":3,"skipped":0,"pct":75},"branches":{"total":6,"covered":4,"skipped":0,"pct":66.66}}
,"/home/runner/work/spectra-js/spectra-js/src/utils/evaluate.ts": {"lines":{"total":21,"covered":10,"skipped":0,"pct":47.61},"functions":{"total":3,"covered":2,"skipped":0,"pct":66.66},"statements":{"total":21,"covered":10,"skipped":0,"pct":47.61},"branches":{"total":19,"covered":5,"skipped":0,"pct":26.31}}
,"/home/runner/work/spectra-js/spectra-js/src/utils/expression.ts": {"lines":{"total":48,"covered":38,"skipped":0,"pct":79.16},"functions":{"total":8,"covered":7,"skipped":0,"pct":87.5},"statements":{"total":48,"covered":38,"skipped":0,"pct":79.16},"branches":{"total":35,"covered":25,"skipped":0,"pct":71.42}}
,"/home/runner/work/spectra-js/spectra-js/src/utils/index.ts": {"lines":{"total":4,"covered":4,"skipped":0,"pct":100},"functions":{"total":0,"covered":0,"skipped":0,"pct":100},"statements":{"total":4,"covered":4,"skipped":0,"pct":100},"branches":{"total":0,"covered":0,"skipped":0,"pct":100}}
,"/home/runner/work/spectra-js/spectra-js/src/utils/policy.ts": {"lines":{"total":8,"covered":8,"skipped":0,"pct":100},"functions":{"total":2,"covered":2,"skipped":0,"pct":100},"statements":{"total":8,"covered":8,"skipped":0,"pct":100},"branches":{"total":2,"covered":2,"skipped":0,"pct":100}}
}
