{"total": {"lines":{"total":273,"covered":261,"skipped":0,"pct":95.6},"statements":{"total":275,"covered":263,"skipped":0,"pct":95.63},"functions":{"total":88,"covered":86,"skipped":0,"pct":97.72},"branches":{"total":79,"covered":67,"skipped":0,"pct":84.81},"branchesTrue":{"total":0,"covered":0,"skipped":0,"pct":100}}
,"/home/runner/work/spectra-js/spectra-js/src/index.ts": {"lines":{"total":6,"covered":6,"skipped":0,"pct":100},"functions":{"total":0,"covered":0,"skipped":0,"pct":100},"statements":{"total":6,"covered":6,"skipped":0,"pct":100},"branches":{"total":0,"covered":0,"skipped":0,"pct":100}}
,"/home/runner/work/spectra-js/spectra-js/src/spectra.ts": {"lines":{"total":40,"covered":37,"skipped":0,"pct":92.5},"functions":{"total":14,"covered":14,"skipped":0,"pct":100},"statements":{"total":40,"covered":37,"skipped":0,"pct":92.5},"branches":{"total":7,"covered":3,"skipped":0,"pct":42.85}}
,"/home/runner/work/spectra-js/spectra-js/src/debugger/debugger.ts": {"lines":{"total":2,"covered":2,"skipped":0,"pct":100},"functions":{"total":1,"covered":1,"skipped":0,"pct":100},"statements":{"total":2,"covered":2,"skipped":0,"pct":100},"branches":{"total":0,"covered":0,"skipped":0,"pct":100}}
,"/home/runner/work/spectra-js/spectra-js/src/debugger/index.ts": {"lines":{"total":1,"covered":1,"skipped":0,"pct":100},"functions":{"total":0,"covered":0,"skipped":0,"pct":100},"statements":{"total":1,"covered":1,"skipped":0,"pct":100},"branches":{"total":0,"covered":0,"skipped":0,"pct":100}}
,"/home/runner/work/spectra-js/spectra-js/src/evaluator/evaluator.ts": {"lines":{"total":2,"covered":2,"skipped":0,"pct":100},"functions":{"total":1,"covered":1,"skipped":0,"pct":100},"statements":{"total":2,"covered":2,"skipped":0,"pct":100},"branches":{"total":0,"covered":0,"skipped":0,"pct":100}}
,"/home/runner/work/spectra-js/spectra-js/src/evaluator/index.ts": {"lines":{"total":1,"covered":1,"skipped":0,"pct":100},"functions":{"total":0,"covered":0,"skipped":0,"pct":100},"statements":{"total":1,"covered":1,"skipped":0,"pct":100},"branches":{"total":0,"covered":0,"skipped":0,"pct":100}}
,"/home/runner/work/spectra-js/spectra-js/src/expressions/and.ts": {"lines":{"total":13,"covered":13,"skipped":0,"pct":100},"functions":{"total":11,"covered":11,"skipped":0,"pct":100},"statements":{"total":14,"covered":14,"skipped":0,"pct":100},"branches":{"total":0,"covered":0,"skipped":0,"pct":100}}
,"/home/runner/work/spectra-js/spectra-js/src/expressions/binary.ts": {"lines":{"total":25,"covered":22,"skipped":0,"pct":88},"functions":{"total":8,"covered":8,"skipped":0,"pct":100},"statements":{"total":25,"covered":22,"skipped":0,"pct":88},"branches":{"total":9,"covered":3,"skipped":0,"pct":33.33}}
,"/home/runner/work/spectra-js/spectra-js/src/expressions/factory.ts": {"lines":{"total":31,"covered":30,"skipped":0,"pct":96.77},"functions":{"total":12,"covered":12,"skipped":0,"pct":100},"statements":{"total":31,"covered":30,"skipped":0,"pct":96.77},"branches":{"total":0,"covered":0,"skipped":0,"pct":100}}
,"/home/runner/work/spectra-js/spectra-js/src/expressions/index.ts": {"lines":{"total":5,"covered":5,"skipped":0,"pct":100},"functions":{"total":0,"covered":0,"skipped":0,"pct":100},"statements":{"total":5,"covered":5,"skipped":0,"pct":100},"branches":{"total":0,"covered":0,"skipped":0,"pct":100}}
,"/home/runner/work/spectra-js/spectra-js/src/expressions/not.ts": {"lines":{"total":11,"covered":10,"skipped":0,"pct":90.9},"functions":{"total":8,"covered":7,"skipped":0,"pct":87.5},"statements":{"total":11,"covered":10,"skipped":0,"pct":90.9},"branches":{"total":0,"covered":0,"skipped":0,"pct":100}}
,"/home/runner/work/spectra-js/spectra-js/src/expressions/or.ts": {"lines":{"total":14,"covered":13,"skipped":0,"pct":92.85},"functions":{"total":12,"covered":11,"skipped":0,"pct":91.66},"statements":{"total":15,"covered":14,"skipped":0,"pct":93.33},"branches":{"total":0,"covered":0,"skipped":0,"pct":100}}
,"/home/runner/work/spectra-js/spectra-js/src/policy/index.ts": {"lines":{"total":1,"covered":1,"skipped":0,"pct":100},"functions":{"total":0,"covered":0,"skipped":0,"pct":100},"statements":{"total":1,"covered":1,"skipped":0,"pct":100},"branches":{"total":0,"covered":0,"skipped":0,"pct":100}}
,"/home/runner/work/spectra-js/spectra-js/src/policy/policy.ts": {"lines":{"total":13,"covered":13,"skipped":0,"pct":100},"functions":{"total":5,"covered":5,"skipped":0,"pct":100},"statements":{"total":13,"covered":13,"skipped":0,"pct":100},"branches":{"total":1,"covered":1,"skipped":0,"pct":100}}
,"/home/runner/work/spectra-js/spectra-js/src/types/index.ts": {"lines":{"total":5,"covered":5,"skipped":0,"pct":100},"functions":{"total":0,"covered":0,"skipped":0,"pct":100},"statements":{"total":5,"covered":5,"skipped":0,"pct":100},"branches":{"total":0,"covered":0,"skipped":0,"pct":100}}
,"/home/runner/work/spectra-js/spectra-js/src/types/operation.ts": {"lines":{"total":13,"covered":13,"skipped":0,"pct":100},"functions":{"total":1,"covered":1,"skipped":0,"pct":100},"statements":{"total":13,"covered":13,"skipped":0,"pct":100},"branches":{"total":2,"covered":2,"skipped":0,"pct":100}}
,"/home/runner/work/spectra-js/spectra-js/src/utils/data-loader.ts": {"lines":{"total":4,"covered":4,"skipped":0,"pct":100},"functions":{"total":2,"covered":2,"skipped":0,"pct":100},"statements":{"total":4,"covered":4,"skipped":0,"pct":100},"branches":{"total":6,"covered":6,"skipped":0,"pct":100}}
,"/home/runner/work/spectra-js/spectra-js/src/utils/evaluate.ts": {"lines":{"total":21,"covered":21,"skipped":0,"pct":100},"functions":{"total":3,"covered":3,"skipped":0,"pct":100},"statements":{"total":21,"covered":21,"skipped":0,"pct":100},"branches":{"total":19,"covered":19,"skipped":0,"pct":100}}
,"/home/runner/work/spectra-js/spectra-js/src/utils/expression.ts": {"lines":{"total":53,"covered":50,"skipped":0,"pct":94.33},"functions":{"total":8,"covered":8,"skipped":0,"pct":100},"statements":{"total":53,"covered":50,"skipped":0,"pct":94.33},"branches":{"total":33,"covered":31,"skipped":0,"pct":93.93}}
,"/home/runner/work/spectra-js/spectra-js/src/utils/index.ts": {"lines":{"total":4,"covered":4,"skipped":0,"pct":100},"functions":{"total":0,"covered":0,"skipped":0,"pct":100},"statements":{"total":4,"covered":4,"skipped":0,"pct":100},"branches":{"total":0,"covered":0,"skipped":0,"pct":100}}
,"/home/runner/work/spectra-js/spectra-js/src/utils/policy.ts": {"lines":{"total":8,"covered":8,"skipped":0,"pct":100},"functions":{"total":2,"covered":2,"skipped":0,"pct":100},"statements":{"total":8,"covered":8,"skipped":0,"pct":100},"branches":{"total":2,"covered":2,"skipped":0,"pct":100}}
}
