TN:
SF:src/index.ts
FNF:0
FNH:0
DA:1,9
DA:2,9
DA:3,9
DA:4,9
DA:5,9
DA:6,9
LF:6
LH:6
BRF:0
BRH:0
end_of_record
TN:
SF:src/spectra.ts
FN:15,(anonymous_0)
FN:20,(anonymous_1)
FN:28,(anonymous_2)
FN:31,(anonymous_3)
FN:39,(anonymous_4)
FN:44,(anonymous_5)
FN:49,(anonymous_6)
FN:55,(anonymous_7)
FN:60,(anonymous_8)
FN:65,(anonymous_9)
FN:68,(anonymous_10)
FN:74,(anonymous_11)
FN:95,(anonymous_12)
FN:109,(anonymous_13)
FNF:14
FNH:7
FNDA:2,(anonymous_0)
FNDA:4,(anonymous_1)
FNDA:4,(anonymous_2)
FNDA:2,(anonymous_3)
FNDA:1,(anonymous_4)
FNDA:0,(anonymous_5)
FNDA:0,(anonymous_6)
FNDA:0,(anonymous_7)
FNDA:0,(anonymous_8)
FNDA:0,(anonymous_9)
FNDA:0,(anonymous_10)
FNDA:0,(anonymous_11)
FNDA:2,(anonymous_12)
FNDA:4,(anonymous_13)
DA:2,9
DA:3,9
DA:5,9
DA:14,9
DA:20,2
DA:21,4
DA:24,2
DA:26,2
DA:28,4
DA:31,2
DA:32,2
DA:35,2
DA:36,1
DA:39,1
DA:40,1
DA:49,0
DA:50,0
DA:53,0
DA:55,0
DA:56,0
DA:57,0
DA:60,0
DA:61,0
DA:63,0
DA:65,0
DA:68,0
DA:69,0
DA:72,0
DA:75,0
DA:78,0
DA:86,0
DA:101,2
DA:102,2
DA:103,0
DA:104,0
DA:106,0
DA:109,2
DA:110,4
DA:111,4
DA:114,2
LF:40
LH:21
BRDA:35,0,0,1
BRDA:72,1,0,0
BRDA:72,1,1,0
BRDA:101,2,0,2
BRDA:101,2,1,0
BRDA:103,3,0,0
BRDA:103,3,1,0
BRF:7
BRH:2
end_of_record
TN:
SF:src/debugger/debugger.ts
FN:9,(anonymous_0)
FNF:1
FNH:0
FNDA:0,(anonymous_0)
DA:8,9
DA:14,0
LF:2
LH:1
BRF:0
BRH:0
end_of_record
TN:
SF:src/debugger/index.ts
FNF:0
FNH:0
DA:1,9
LF:1
LH:1
BRF:0
BRH:0
end_of_record
TN:
SF:src/evaluator/evaluator.ts
FN:4,(anonymous_0)
FNF:1
FNH:1
FNDA:5,(anonymous_0)
DA:3,9
DA:5,5
LF:2
LH:2
BRF:0
BRH:0
end_of_record
TN:
SF:src/evaluator/index.ts
FNF:0
FNH:0
DA:1,9
LF:1
LH:1
BRF:0
BRH:0
end_of_record
TN:
SF:src/expressions/and.ts
FN:13,(anonymous_0)
FN:17,(anonymous_1)
FN:21,(anonymous_2)
FN:22,(anonymous_3)
FN:27,(anonymous_4)
FN:29,(anonymous_5)
FN:33,(anonymous_6)
FN:37,(anonymous_7)
FN:38,(anonymous_8)
FN:41,(anonymous_9)
FN:45,(anonymous_10)
FNF:11
FNH:4
FNDA:4,(anonymous_0)
FNDA:0,(anonymous_1)
FNDA:0,(anonymous_2)
FNDA:0,(anonymous_3)
FNDA:3,(anonymous_4)
FNDA:8,(anonymous_5)
FNDA:2,(anonymous_6)
FNDA:0,(anonymous_7)
FNDA:0,(anonymous_8)
FNDA:0,(anonymous_9)
FNDA:0,(anonymous_10)
DA:2,9
DA:10,9
DA:11,4
DA:14,4
DA:18,0
DA:22,0
DA:23,0
DA:28,3
DA:29,8
DA:34,2
DA:38,0
DA:42,0
DA:45,0
LF:13
LH:7
BRF:0
BRH:0
end_of_record
TN:
SF:src/expressions/binary.ts
FN:21,(anonymous_0)
FN:27,(anonymous_1)
FN:31,(anonymous_2)
FN:41,(anonymous_3)
FN:45,(anonymous_4)
FN:49,(anonymous_5)
FN:67,(anonymous_6)
FN:72,(anonymous_7)
FNF:8
FNH:6
FNDA:31,(anonymous_0)
FNDA:0,(anonymous_1)
FNDA:4,(anonymous_2)
FNDA:20,(anonymous_3)
FNDA:9,(anonymous_4)
FNDA:5,(anonymous_5)
FNDA:5,(anonymous_6)
FNDA:0,(anonymous_7)
DA:7,9
DA:14,9
DA:16,9
DA:17,31
DA:18,31
DA:19,31
DA:22,31
DA:23,31
DA:24,31
DA:28,0
DA:32,4
DA:34,4
DA:35,0
DA:38,4
DA:42,20
DA:46,9
DA:50,5
DA:68,5
DA:69,5
DA:73,0
DA:76,0
DA:82,0
DA:83,0
DA:87,0
DA:90,0
LF:25
LH:17
BRDA:34,0,0,0
BRDA:55,1,0,0
BRDA:55,1,1,5
BRDA:76,2,0,0
BRDA:76,2,1,0
BRDA:77,3,0,0
BRDA:77,3,1,0
BRDA:77,3,2,0
BRDA:77,3,3,0
BRF:9
BRH:1
end_of_record
TN:
SF:src/expressions/factory.ts
FN:9,and
FN:12,(anonymous_1)
FN:18,or
FN:21,(anonymous_3)
FN:27,not
FN:34,eq
FN:38,ne
FN:42,neq
FN:46,gt
FN:50,gte
FN:54,lt
FN:58,lte
FNF:12
FNH:10
FNDA:2,and
FNDA:8,(anonymous_1)
FNDA:0,or
FNDA:0,(anonymous_3)
FNDA:1,not
FNDA:1,eq
FNDA:1,ne
FNDA:1,neq
FNDA:1,gt
FNDA:1,gte
FNDA:1,lt
FNDA:1,lte
DA:2,9
DA:3,9
DA:4,9
DA:5,9
DA:6,9
DA:7,9
DA:9,9
DA:12,2
DA:13,8
DA:15,2
DA:18,9
DA:21,0
DA:22,0
DA:24,0
DA:27,9
DA:30,1
DA:31,1
DA:34,9
DA:35,1
DA:38,9
DA:39,1
DA:42,9
DA:43,1
DA:46,9
DA:47,1
DA:50,9
DA:51,1
DA:54,9
DA:55,1
DA:58,9
DA:59,1
LF:31
LH:28
BRF:0
BRH:0
end_of_record
TN:
SF:src/expressions/index.ts
FNF:0
FNH:0
DA:1,9
DA:2,9
DA:3,9
DA:4,9
DA:5,9
LF:5
LH:5
BRF:0
BRH:0
end_of_record
TN:
SF:src/expressions/not.ts
FN:13,(anonymous_0)
FN:17,(anonymous_1)
FN:21,(anonymous_2)
FN:25,(anonymous_3)
FN:29,(anonymous_4)
FN:35,(anonymous_5)
FN:39,(anonymous_6)
FN:43,(anonymous_7)
FNF:8
FNH:3
FNDA:3,(anonymous_0)
FNDA:0,(anonymous_1)
FNDA:0,(anonymous_2)
FNDA:0,(anonymous_3)
FNDA:2,(anonymous_4)
FNDA:1,(anonymous_5)
FNDA:0,(anonymous_6)
FNDA:0,(anonymous_7)
DA:2,9
DA:10,9
DA:11,3
DA:14,3
DA:18,0
DA:22,0
DA:26,0
DA:30,2
DA:36,1
DA:40,0
DA:44,0
LF:11
LH:6
BRF:0
BRH:0
end_of_record
TN:
SF:src/expressions/or.ts
FN:13,(anonymous_0)
FN:17,(anonymous_1)
FN:21,(anonymous_2)
FN:22,(anonymous_3)
FN:27,(anonymous_4)
FN:31,(anonymous_5)
FN:33,(anonymous_6)
FN:37,(anonymous_7)
FN:41,(anonymous_8)
FN:42,(anonymous_9)
FN:45,(anonymous_10)
FN:49,(anonymous_11)
FNF:12
FNH:4
FNDA:2,(anonymous_0)
FNDA:0,(anonymous_1)
FNDA:0,(anonymous_2)
FNDA:0,(anonymous_3)
FNDA:0,(anonymous_4)
FNDA:2,(anonymous_5)
FNDA:4,(anonymous_6)
FNDA:1,(anonymous_7)
FNDA:0,(anonymous_8)
FNDA:0,(anonymous_9)
FNDA:0,(anonymous_10)
FNDA:0,(anonymous_11)
DA:2,9
DA:10,9
DA:11,2
DA:14,2
DA:18,0
DA:22,0
DA:23,0
DA:28,0
DA:32,2
DA:33,4
DA:38,1
DA:42,0
DA:46,0
DA:49,0
LF:14
LH:7
BRF:0
BRH:0
end_of_record
TN:
SF:src/policy/index.ts
FNF:0
FNH:0
DA:1,9
LF:1
LH:1
BRF:0
BRH:0
end_of_record
TN:
SF:src/policy/policy.ts
FN:9,(anonymous_0)
FN:16,(anonymous_1)
FN:20,(anonymous_2)
FN:24,(anonymous_3)
FN:28,(anonymous_4)
FNF:5
FNH:4
FNDA:6,(anonymous_0)
FNDA:0,(anonymous_1)
FNDA:4,(anonymous_2)
FNDA:7,(anonymous_3)
FNDA:8,(anonymous_4)
DA:3,9
DA:4,6
DA:5,6
DA:6,6
DA:7,6
DA:10,6
DA:11,6
DA:12,6
DA:13,6
DA:17,0
DA:21,4
DA:25,7
DA:29,8
LF:13
LH:12
BRDA:9,0,0,6
BRF:1
BRH:1
end_of_record
TN:
SF:src/types/index.ts
FNF:0
FNH:0
DA:1,9
DA:2,9
DA:3,9
DA:4,9
DA:5,9
LF:5
LH:5
BRF:0
BRH:0
end_of_record
TN:
SF:src/types/operation.ts
FN:1,(anonymous_0)
FNF:1
FNH:1
FNDA:9,(anonymous_0)
DA:1,9
DA:2,9
DA:3,9
DA:4,9
DA:5,9
DA:6,9
DA:7,9
DA:8,9
DA:9,9
DA:10,9
DA:11,9
DA:14,9
DA:27,9
LF:13
LH:13
BRDA:1,0,0,9
BRDA:1,0,1,9
BRF:2
BRH:2
end_of_record
TN:
SF:src/utils/data-loader.ts
FN:6,isDataLoaderFunction
FN:13,isDataLoaderClass
FNF:2
FNH:1
FNDA:2,isDataLoaderFunction
FNDA:0,isDataLoaderClass
DA:6,9
DA:7,2
DA:13,9
DA:14,0
LF:4
LH:3
BRDA:7,0,0,2
BRDA:7,0,1,2
BRDA:7,0,2,2
BRDA:7,0,3,2
BRDA:14,1,0,0
BRDA:14,1,1,0
BRF:6
BRH:4
end_of_record
TN:
SF:src/utils/evaluate.ts
FN:14,getValueFromKey
FN:25,compareArray
FN:40,compareValue
FNF:3
FNH:2
FNDA:8,getValueFromKey
FNDA:0,compareArray
FNDA:5,compareValue
DA:8,9
DA:9,9
DA:14,9
DA:15,8
DA:16,1
DA:19,7
DA:26,0
DA:28,0
DA:31,0
DA:33,0
DA:40,9
DA:45,5
DA:47,4
DA:50,1
DA:52,0
DA:54,0
DA:56,0
DA:58,0
DA:60,0
DA:61,0
DA:63,0
LF:21
LH:10
BRDA:15,0,0,1
BRDA:15,1,0,8
BRDA:15,1,1,8
BRDA:26,2,0,0
BRDA:26,2,1,0
BRDA:26,2,2,0
BRDA:26,2,3,0
BRDA:45,3,0,4
BRDA:45,3,1,0
BRDA:45,3,2,1
BRDA:45,3,3,0
BRDA:45,3,4,0
BRDA:45,3,5,0
BRDA:45,3,6,0
BRDA:45,3,7,0
BRDA:60,4,0,0
BRDA:60,4,1,0
BRDA:60,5,0,0
BRDA:60,5,1,0
BRF:19
BRH:5
end_of_record
TN:
SF:src/utils/expression.ts
FN:17,isRefValue
FN:21,isValidExpressionInterface
FN:32,isValidBinaryExpressionDefinition
FN:70,isValidAndExpressionDefinition
FN:84,isValidOrExpressionDefinition
FN:98,isValidNotExpressionDefinition
FN:104,isValidExpressionDefine
FN:118,normalizeExpression
FNF:8
FNH:7
FNDA:17,isRefValue
FNDA:12,isValidExpressionInterface
FNDA:9,isValidBinaryExpressionDefinition
FNDA:2,isValidAndExpressionDefinition
FNDA:2,isValidOrExpressionDefinition
FNDA:1,isValidNotExpressionDefinition
FNDA:0,isValidExpressionDefine
FNDA:12,normalizeExpression
DA:9,9
DA:17,9
DA:18,17
DA:21,9
DA:24,12
DA:32,9
DA:35,9
DA:36,2
DA:39,7
DA:40,0
DA:43,7
DA:45,7
DA:46,0
DA:49,7
DA:50,0
DA:53,7
DA:60,6
DA:63,1
DA:64,1
DA:67,0
DA:70,9
DA:73,2
DA:74,0
DA:77,2
DA:78,2
DA:81,0
DA:84,9
DA:87,2
DA:88,0
DA:91,2
DA:92,1
DA:95,1
DA:98,9
DA:101,1
DA:104,9
DA:107,0
DA:118,9
DA:119,12
DA:120,3
DA:123,9
DA:124,7
DA:127,2
DA:128,0
DA:131,2
DA:132,1
DA:135,1
DA:136,1
DA:139,0
LF:48
LH:38
BRDA:18,0,0,17
BRDA:18,0,1,17
BRDA:18,0,2,1
BRDA:25,1,0,12
BRDA:25,1,1,11
BRDA:25,1,2,10
BRDA:25,1,3,10
BRDA:35,2,0,2
BRDA:39,3,0,0
BRDA:45,4,0,0
BRDA:49,5,0,0
BRDA:53,6,0,6
BRDA:54,7,0,7
BRDA:54,7,1,5
BRDA:54,7,2,5
BRDA:54,7,3,4
BRDA:54,7,4,4
BRDA:63,8,0,1
BRDA:63,9,0,1
BRDA:63,9,1,1
BRDA:73,10,0,0
BRDA:77,11,0,2
BRDA:87,12,0,0
BRDA:91,13,0,1
BRDA:101,14,0,1
BRDA:101,14,1,1
BRDA:108,15,0,0
BRDA:108,15,1,0
BRDA:108,15,2,0
BRDA:108,15,3,0
BRDA:119,16,0,3
BRDA:123,17,0,7
BRDA:127,18,0,0
BRDA:131,19,0,1
BRDA:135,20,0,1
BRF:35
BRH:25
end_of_record
TN:
SF:src/utils/index.ts
FNF:0
FNH:0
DA:1,9
DA:2,9
DA:3,9
DA:4,9
LF:4
LH:4
BRF:0
BRH:0
end_of_record
TN:
SF:src/utils/policy.ts
FN:4,bisectArray
FN:11,(anonymous_1)
FNF:2
FNH:2
FNDA:3,bisectArray
FNDA:11,(anonymous_1)
DA:4,9
DA:8,3
DA:9,3
DA:11,3
DA:12,11
DA:13,5
DA:15,6
DA:19,3
LF:8
LH:8
BRDA:12,0,0,5
BRDA:12,0,1,6
BRF:2
BRH:2
end_of_record
