TN:
SF:src/index.ts
FNF:0
FNH:0
DA:1,9
DA:2,9
DA:3,9
DA:4,9
DA:5,9
DA:6,9
LF:6
LH:6
BRF:0
BRH:0
end_of_record
TN:
SF:src/spectra.ts
FN:7,(anonymous_0)
FN:10,(anonymous_1)
FN:13,(anonymous_2)
FN:21,(anonymous_3)
FNF:4
FNH:4
FNDA:2,(anonymous_0)
FNDA:4,(anonymous_1)
FNDA:2,(anonymous_2)
FNDA:1,(anonymous_3)
DA:1,9
DA:4,9
DA:6,9
DA:8,2
DA:10,4
DA:13,2
DA:14,2
DA:17,2
DA:18,1
DA:21,1
DA:22,1
LF:11
LH:11
BRDA:17,0,0,1
BRF:1
BRH:1
end_of_record
TN:
SF:src/apply-evaluator/apply-evaluator.ts
FN:4,(anonymous_0)
FNF:1
FNH:1
FNDA:5,(anonymous_0)
DA:3,9
DA:5,5
LF:2
LH:2
BRF:0
BRH:0
end_of_record
TN:
SF:src/apply-evaluator/index.ts
FNF:0
FNH:0
DA:1,9
LF:1
LH:1
BRF:0
BRH:0
end_of_record
TN:
SF:src/expressions/and.ts
FN:6,(anonymous_0)
FN:10,(anonymous_1)
FN:14,(anonymous_2)
FN:16,(anonymous_3)
FN:20,(anonymous_4)
FN:21,(anonymous_5)
FN:26,(anonymous_6)
FN:27,(anonymous_7)
FN:30,(anonymous_8)
FNF:9
FNH:6
FNDA:4,(anonymous_0)
FNDA:0,(anonymous_1)
FNDA:3,(anonymous_2)
FNDA:8,(anonymous_3)
FNDA:1,(anonymous_4)
FNDA:4,(anonymous_5)
FNDA:0,(anonymous_6)
FNDA:0,(anonymous_7)
FNDA:2,(anonymous_8)
DA:3,9
DA:4,4
DA:7,4
DA:11,0
DA:15,3
DA:16,8
DA:21,1
DA:22,4
DA:27,0
DA:31,2
LF:10
LH:8
BRF:0
BRH:0
end_of_record
TN:
SF:src/expressions/binary.ts
FN:16,(anonymous_0)
FN:22,(anonymous_1)
FN:26,(anonymous_2)
FN:30,(anonymous_3)
FN:40,(anonymous_4)
FN:44,(anonymous_5)
FNF:6
FNH:5
FNDA:31,(anonymous_0)
FNDA:0,(anonymous_1)
FNDA:20,(anonymous_2)
FNDA:4,(anonymous_3)
FNDA:9,(anonymous_4)
FNDA:5,(anonymous_5)
DA:9,9
DA:11,9
DA:12,31
DA:13,31
DA:14,31
DA:17,31
DA:18,31
DA:19,31
DA:23,0
DA:27,20
DA:31,4
DA:33,4
DA:34,1
DA:37,4
DA:41,9
DA:45,5
DA:46,5
DA:47,5
LF:18
LH:17
BRDA:33,0,0,1
BRF:1
BRH:1
end_of_record
TN:
SF:src/expressions/factory.ts
FN:14,and
FN:17,(anonymous_1)
FN:23,or
FN:26,(anonymous_3)
FN:32,not
FN:37,eq
FN:41,ne
FN:45,neq
FN:49,gt
FN:53,gte
FN:57,lt
FN:61,lte
FNF:12
FNH:10
FNDA:2,and
FNDA:8,(anonymous_1)
FNDA:0,or
FNDA:0,(anonymous_3)
FNDA:1,not
FNDA:1,eq
FNDA:1,ne
FNDA:1,neq
FNDA:1,gt
FNDA:1,gte
FNDA:1,lt
FNDA:1,lte
DA:1,9
DA:8,9
DA:9,9
DA:10,9
DA:11,9
DA:12,9
DA:14,9
DA:17,2
DA:18,8
DA:20,2
DA:23,9
DA:26,0
DA:27,0
DA:29,0
DA:32,9
DA:33,1
DA:34,1
DA:37,9
DA:38,1
DA:41,9
DA:42,1
DA:45,9
DA:46,1
DA:49,9
DA:50,1
DA:53,9
DA:54,1
DA:57,9
DA:58,1
DA:61,9
DA:62,1
LF:31
LH:28
BRF:0
BRH:0
end_of_record
TN:
SF:src/expressions/index.ts
FNF:0
FNH:0
DA:1,9
DA:2,9
DA:3,9
DA:4,9
DA:5,9
LF:5
LH:5
BRF:0
BRH:0
end_of_record
TN:
SF:src/expressions/not.ts
FN:6,(anonymous_0)
FN:10,(anonymous_1)
FN:14,(anonymous_2)
FN:20,(anonymous_3)
FN:24,(anonymous_4)
FN:28,(anonymous_5)
FNF:6
FNH:4
FNDA:3,(anonymous_0)
FNDA:0,(anonymous_1)
FNDA:2,(anonymous_2)
FNDA:1,(anonymous_3)
FNDA:0,(anonymous_4)
FNDA:1,(anonymous_5)
DA:3,9
DA:4,3
DA:7,3
DA:11,0
DA:15,2
DA:21,1
DA:25,0
DA:29,1
LF:8
LH:6
BRF:0
BRH:0
end_of_record
TN:
SF:src/expressions/or.ts
FN:6,(anonymous_0)
FN:10,(anonymous_1)
FN:14,(anonymous_2)
FN:16,(anonymous_3)
FN:20,(anonymous_4)
FN:21,(anonymous_5)
FN:26,(anonymous_6)
FN:27,(anonymous_7)
FN:30,(anonymous_8)
FNF:9
FNH:4
FNDA:2,(anonymous_0)
FNDA:0,(anonymous_1)
FNDA:2,(anonymous_2)
FNDA:4,(anonymous_3)
FNDA:0,(anonymous_4)
FNDA:0,(anonymous_5)
FNDA:0,(anonymous_6)
FNDA:0,(anonymous_7)
FNDA:1,(anonymous_8)
DA:3,9
DA:4,2
DA:7,2
DA:11,0
DA:15,2
DA:16,4
DA:21,0
DA:22,0
DA:27,0
DA:31,1
LF:10
LH:6
BRF:0
BRH:0
end_of_record
TN:
SF:src/policy/index.ts
FNF:0
FNH:0
DA:1,9
LF:1
LH:1
BRF:0
BRH:0
end_of_record
TN:
SF:src/policy/policy.ts
FN:14,(anonymous_0)
FN:21,(anonymous_1)
FN:25,(anonymous_2)
FN:29,(anonymous_3)
FN:33,(anonymous_4)
FN:37,(anonymous_5)
FNF:6
FNH:3
FNDA:6,(anonymous_0)
FNDA:0,(anonymous_1)
FNDA:4,(anonymous_2)
FNDA:0,(anonymous_3)
FNDA:7,(anonymous_4)
FNDA:0,(anonymous_5)
DA:8,9
DA:9,6
DA:10,6
DA:11,6
DA:12,6
DA:15,6
DA:16,6
DA:17,6
DA:18,6
DA:22,0
DA:26,4
DA:30,0
DA:34,7
DA:38,0
LF:14
LH:11
BRDA:14,0,0,6
BRF:1
BRH:1
end_of_record
TN:
SF:src/types/index.ts
FNF:0
FNH:0
DA:1,9
DA:2,9
DA:3,9
DA:4,9
DA:5,9
LF:5
LH:5
BRF:0
BRH:0
end_of_record
TN:
SF:src/types/operation.ts
FN:7,(anonymous_0)
FNF:1
FNH:1
FNDA:9,(anonymous_0)
DA:7,9
DA:8,9
DA:9,9
DA:10,9
DA:11,9
DA:12,9
DA:13,9
DA:14,9
DA:15,9
DA:16,9
DA:17,9
LF:11
LH:11
BRDA:7,0,0,9
BRDA:7,0,1,9
BRF:2
BRH:2
end_of_record
TN:
SF:src/utils/compare.ts
FN:6,compareArray
FN:21,compareValue
FNF:2
FNH:1
FNDA:0,compareArray
FNDA:5,compareValue
DA:1,9
DA:7,0
DA:9,0
DA:12,0
DA:14,0
DA:21,9
DA:26,5
DA:28,4
DA:31,1
DA:33,0
DA:35,0
DA:37,0
DA:39,0
DA:41,0
DA:42,0
DA:44,0
LF:16
LH:5
BRDA:7,0,0,0
BRDA:7,0,1,0
BRDA:7,0,2,0
BRDA:7,0,3,0
BRDA:26,1,0,4
BRDA:26,1,1,0
BRDA:26,1,2,1
BRDA:26,1,3,0
BRDA:26,1,4,0
BRDA:26,1,5,0
BRDA:26,1,6,0
BRDA:26,1,7,0
BRDA:41,2,0,0
BRDA:41,2,1,0
BRDA:41,3,0,0
BRDA:41,3,1,0
BRF:16
BRH:2
end_of_record
TN:
SF:src/utils/expression.ts
FN:19,isValidExpressionInterface
FN:33,isValidBinaryExpressionDefine
FN:78,isValidAndExpressionDefine
FN:95,isValidOrExpressionDefine
FN:112,isValidNotExpressionDefine
FN:121,isValidExpressionDefine
FN:133,normalizeExpression
FNF:7
FNH:6
FNDA:12,isValidExpressionInterface
FNDA:9,isValidBinaryExpressionDefine
FNDA:2,isValidAndExpressionDefine
FNDA:2,isValidOrExpressionDefine
FNDA:1,isValidNotExpressionDefine
FNDA:0,isValidExpressionDefine
FNDA:12,normalizeExpression
DA:1,9
DA:19,9
DA:22,12
DA:33,9
DA:36,9
DA:37,2
DA:40,7
DA:41,0
DA:44,7
DA:46,7
DA:47,0
DA:50,7
DA:51,0
DA:54,7
DA:61,6
DA:64,1
DA:69,1
DA:72,0
DA:78,9
DA:81,2
DA:82,0
DA:85,2
DA:86,2
DA:89,0
DA:95,9
DA:98,2
DA:99,0
DA:102,2
DA:103,1
DA:106,1
DA:112,9
DA:115,1
DA:121,9
DA:122,0
DA:133,9
DA:134,12
DA:135,3
DA:138,9
DA:139,7
DA:142,2
DA:143,0
DA:146,2
DA:147,1
DA:150,1
DA:151,1
DA:154,0
LF:46
LH:36
BRDA:23,0,0,12
BRDA:23,0,1,11
BRDA:23,0,2,10
BRDA:23,0,3,10
BRDA:36,1,0,2
BRDA:40,2,0,0
BRDA:46,3,0,0
BRDA:50,4,0,0
BRDA:54,5,0,6
BRDA:55,6,0,7
BRDA:55,6,1,5
BRDA:55,6,2,5
BRDA:55,6,3,4
BRDA:55,6,4,4
BRDA:64,7,0,1
BRDA:65,8,0,1
BRDA:65,8,1,1
BRDA:65,8,2,1
BRDA:81,9,0,0
BRDA:85,10,0,2
BRDA:98,11,0,0
BRDA:102,12,0,1
BRDA:115,13,0,1
BRDA:115,13,1,1
BRDA:123,14,0,0
BRDA:123,14,1,0
BRDA:123,14,2,0
BRDA:123,14,3,0
BRDA:134,15,0,3
BRDA:138,16,0,7
BRDA:142,17,0,0
BRDA:146,18,0,1
BRDA:150,19,0,1
BRF:33
BRH:23
end_of_record
TN:
SF:src/utils/index.ts
FNF:0
FNH:0
DA:1,9
DA:2,9
DA:3,9
LF:3
LH:3
BRF:0
BRH:0
end_of_record
TN:
SF:src/utils/policy.ts
FN:14,bisectArray
FN:21,(anonymous_1)
FN:35,parseDependences
FN:38,(anonymous_3)
FN:55,isArgumentRef
FN:62,getValueFromKey
FNF:6
FNH:6
FNDA:3,bisectArray
FNDA:11,(anonymous_1)
FNDA:1,parseDependences
FNDA:5,(anonymous_3)
FNDA:9,isArgumentRef
FNDA:10,getValueFromKey
DA:14,9
DA:18,3
DA:19,3
DA:21,3
DA:22,11
DA:23,5
DA:25,6
DA:29,3
DA:35,9
DA:36,1
DA:38,1
DA:39,5
DA:40,5
DA:41,3
DA:44,5
DA:46,5
DA:49,1
DA:55,9
DA:56,9
DA:62,9
DA:66,10
DA:67,5
DA:70,5
DA:71,0
DA:74,5
LF:25
LH:24
BRDA:22,0,0,5
BRDA:22,0,1,6
BRDA:40,1,0,3
BRDA:56,2,0,9
BRDA:56,2,1,1
BRDA:56,2,2,1
BRDA:66,3,0,5
BRDA:70,4,0,0
BRDA:70,5,0,5
BRDA:70,5,1,5
BRF:10
BRH:9
end_of_record
